[2025-01-08T14:25:14.069+0000] {local_task_job_runner.py:123} INFO - ::group::Pre task execution logs
[2025-01-08T14:25:14.087+0000] {taskinstance.py:2613} INFO - Dependencies all met for dep_context=non-requeueable deps ti=<TaskInstance: task_dependency_airbyte_dag.test_sources_caches manual__2025-01-08T14:25:12.336105+00:00 [queued]>
[2025-01-08T14:25:14.095+0000] {taskinstance.py:2613} INFO - Dependencies all met for dep_context=requeueable deps ti=<TaskInstance: task_dependency_airbyte_dag.test_sources_caches manual__2025-01-08T14:25:12.336105+00:00 [queued]>
[2025-01-08T14:25:14.095+0000] {taskinstance.py:2866} INFO - Starting attempt 1 of 1
[2025-01-08T14:25:14.110+0000] {taskinstance.py:2889} INFO - Executing <Task(PythonVirtualenvOperator): test_sources_caches> on 2025-01-08 14:25:12.336105+00:00
[2025-01-08T14:25:14.115+0000] {standard_task_runner.py:104} INFO - Running: ['***', 'tasks', 'run', 'task_dependency_airbyte_dag', 'test_sources_caches', 'manual__2025-01-08T14:25:12.336105+00:00', '--job-id', '560', '--raw', '--subdir', 'DAGS_FOLDER/test_airbyte.py', '--cfg-path', '/tmp/tmpsm7znewf']
[2025-01-08T14:25:14.117+0000] {standard_task_runner.py:105} INFO - Job 560: Subtask test_sources_caches
[2025-01-08T14:25:14.118+0000] {logging_mixin.py:190} WARNING - /home/***/.local/lib/python3.12/site-packages/***/task/task_runner/standard_task_runner.py:70 DeprecationWarning: This process (pid=2095) is multi-threaded, use of fork() may lead to deadlocks in the child.
[2025-01-08T14:25:14.119+0000] {standard_task_runner.py:72} INFO - Started process 2096 to run task
[2025-01-08T14:25:14.151+0000] {task_command.py:467} INFO - Running <TaskInstance: task_dependency_airbyte_dag.test_sources_caches manual__2025-01-08T14:25:12.336105+00:00 [running]> on host 3881e97cadb0
[2025-01-08T14:25:14.217+0000] {taskinstance.py:3132} INFO - Exporting env vars: AIRFLOW_CTX_DAG_OWNER='***' AIRFLOW_CTX_DAG_ID='task_dependency_airbyte_dag' AIRFLOW_CTX_TASK_ID='test_sources_caches' AIRFLOW_CTX_EXECUTION_DATE='2025-01-08T14:25:12.336105+00:00' AIRFLOW_CTX_TRY_NUMBER='1' AIRFLOW_CTX_DAG_RUN_ID='manual__2025-01-08T14:25:12.336105+00:00'
[2025-01-08T14:25:14.218+0000] {taskinstance.py:731} INFO - ::endgroup::
[2025-01-08T14:25:14.243+0000] {baseoperator.py:421} WARNING - PythonVirtualenvOperator.execute cannot be called outside TaskInstance!
[2025-01-08T14:25:14.244+0000] {process_utils.py:186} INFO - Executing cmd: /home/***/.local/bin/python -m virtualenv /tmp/venvgslvacnr --python=python3.12
[2025-01-08T14:25:14.245+0000] {process_utils.py:190} INFO - Output:
[2025-01-08T14:25:15.232+0000] {process_utils.py:194} INFO - created virtual environment CPython3.12.8.final.0-64 in 489ms
[2025-01-08T14:25:15.233+0000] {process_utils.py:194} INFO -   creator CPython3Posix(dest=/tmp/venvgslvacnr, clear=False, no_vcs_ignore=False, global=False)
[2025-01-08T14:25:15.233+0000] {process_utils.py:194} INFO -   seeder FromAppData(download=False, pip=bundle, via=copy, app_data_dir=/home/***/.local/share/virtualenv)
[2025-01-08T14:25:15.233+0000] {process_utils.py:194} INFO -     added seed packages: pip==24.3.1
[2025-01-08T14:25:15.233+0000] {process_utils.py:194} INFO -   activators BashActivator,CShellActivator,FishActivator,NushellActivator,PowerShellActivator,PythonActivator
[2025-01-08T14:25:15.257+0000] {process_utils.py:186} INFO - Executing cmd: /tmp/venvgslvacnr/bin/pip install -r /tmp/venvgslvacnr/requirements.txt
[2025-01-08T14:25:15.258+0000] {process_utils.py:190} INFO - Output:
[2025-01-08T14:25:16.981+0000] {process_utils.py:194} INFO - Collecting airbyte (from -r /tmp/venvgslvacnr/requirements.txt (line 1))
[2025-01-08T14:25:17.075+0000] {process_utils.py:194} INFO -   Downloading airbyte-0.22.0-py3-none-any.whl.metadata (5.4 kB)
[2025-01-08T14:25:17.201+0000] {process_utils.py:194} INFO - Collecting pendulum (from -r /tmp/venvgslvacnr/requirements.txt (line 2))
[2025-01-08T14:25:17.214+0000] {process_utils.py:194} INFO -   Downloading pendulum-3.0.0-cp312-cp312-manylinux_2_17_x86_64.manylinux2014_x86_64.whl.metadata (6.9 kB)
[2025-01-08T14:25:17.512+0000] {process_utils.py:194} INFO - Collecting setuptools (from -r /tmp/venvgslvacnr/requirements.txt (line 3))
[2025-01-08T14:25:17.521+0000] {process_utils.py:194} INFO -   Downloading setuptools-75.7.0-py3-none-any.whl.metadata (6.7 kB)
[2025-01-08T14:25:17.596+0000] {process_utils.py:194} INFO - Collecting wheel (from -r /tmp/venvgslvacnr/requirements.txt (line 4))
[2025-01-08T14:25:17.613+0000] {process_utils.py:194} INFO -   Downloading wheel-0.45.1-py3-none-any.whl.metadata (2.3 kB)
[2025-01-08T14:25:17.959+0000] {process_utils.py:194} INFO - Collecting airbyte-api<0.53.0,>=0.52.1 (from airbyte->-r /tmp/venvgslvacnr/requirements.txt (line 1))
[2025-01-08T14:25:17.969+0000] {process_utils.py:194} INFO -   Downloading airbyte_api-0.52.2-py3-none-any.whl.metadata (17 kB)
[2025-01-08T14:25:18.562+0000] {process_utils.py:194} INFO - Collecting airbyte-cdk<7.0.0,>=6.9.0 (from airbyte->-r /tmp/venvgslvacnr/requirements.txt (line 1))
[2025-01-08T14:25:18.796+0000] {process_utils.py:194} INFO -   Downloading airbyte_cdk-6.14.0-py3-none-any.whl.metadata (6.0 kB)
[2025-01-08T14:25:19.217+0000] {process_utils.py:194} INFO - Collecting airbyte-protocol-models-pdv2<0.14.0,>=0.13.0 (from airbyte->-r /tmp/venvgslvacnr/requirements.txt (line 1))
[2025-01-08T14:25:19.226+0000] {process_utils.py:194} INFO -   Downloading airbyte_protocol_models_pdv2-0.13.1-py3-none-any.whl.metadata (3.6 kB)
[2025-01-08T14:25:19.278+0000] {process_utils.py:194} INFO - Collecting click<9.0.0,>=8.1.7 (from airbyte->-r /tmp/venvgslvacnr/requirements.txt (line 1))
[2025-01-08T14:25:19.309+0000] {process_utils.py:194} INFO -   Downloading click-8.1.8-py3-none-any.whl.metadata (2.3 kB)
[2025-01-08T14:25:19.486+0000] {process_utils.py:194} INFO - Collecting duckdb<2.0.0,>=1.1.0 (from airbyte->-r /tmp/venvgslvacnr/requirements.txt (line 1))
[2025-01-08T14:25:19.499+0000] {process_utils.py:194} INFO -   Downloading duckdb-1.1.3-cp312-cp312-manylinux_2_17_x86_64.manylinux2014_x86_64.whl.metadata (762 bytes)
[2025-01-08T14:25:19.837+0000] {process_utils.py:194} INFO - Collecting duckdb-engine<0.14.0,>=0.13.2 (from airbyte->-r /tmp/venvgslvacnr/requirements.txt (line 1))
[2025-01-08T14:25:19.846+0000] {process_utils.py:194} INFO -   Downloading duckdb_engine-0.13.6-py3-none-any.whl.metadata (8.0 kB)
[2025-01-08T14:25:19.983+0000] {process_utils.py:194} INFO - Collecting google-auth<3.0,>=2.27.0 (from airbyte->-r /tmp/venvgslvacnr/requirements.txt (line 1))
[2025-01-08T14:25:19.993+0000] {process_utils.py:194} INFO -   Downloading google_auth-2.37.0-py2.py3-none-any.whl.metadata (4.8 kB)
[2025-01-08T14:25:20.098+0000] {process_utils.py:194} INFO - Collecting google-cloud-bigquery<4.0,>=3.12.0 (from airbyte->-r /tmp/venvgslvacnr/requirements.txt (line 1))
[2025-01-08T14:25:20.109+0000] {process_utils.py:194} INFO -   Downloading google_cloud_bigquery-3.27.0-py2.py3-none-any.whl.metadata (8.6 kB)
[2025-01-08T14:25:20.184+0000] {process_utils.py:194} INFO - Collecting google-cloud-bigquery-storage<3.0.0,>=2.25.0 (from airbyte->-r /tmp/venvgslvacnr/requirements.txt (line 1))
[2025-01-08T14:25:20.194+0000] {process_utils.py:194} INFO -   Downloading google_cloud_bigquery_storage-2.27.0-py2.py3-none-any.whl.metadata (5.6 kB)
[2025-01-08T14:25:20.256+0000] {process_utils.py:194} INFO - Collecting google-cloud-secret-manager<3.0.0,>=2.17.0 (from airbyte->-r /tmp/venvgslvacnr/requirements.txt (line 1))
[2025-01-08T14:25:20.264+0000] {process_utils.py:194} INFO -   Downloading google_cloud_secret_manager-2.22.0-py2.py3-none-any.whl.metadata (5.3 kB)
[2025-01-08T14:25:20.334+0000] {process_utils.py:194} INFO - Collecting jsonschema<5.0,>=3.2.0 (from airbyte->-r /tmp/venvgslvacnr/requirements.txt (line 1))
[2025-01-08T14:25:20.343+0000] {process_utils.py:194} INFO -   Downloading jsonschema-4.23.0-py3-none-any.whl.metadata (7.9 kB)
[2025-01-08T14:25:20.673+0000] {process_utils.py:194} INFO - Collecting orjson<4.0,>=3.10 (from airbyte->-r /tmp/venvgslvacnr/requirements.txt (line 1))
[2025-01-08T14:25:20.689+0000] {process_utils.py:194} INFO -   Downloading orjson-3.10.13-cp312-cp312-manylinux_2_17_x86_64.manylinux2014_x86_64.whl.metadata (41 kB)
[2025-01-08T14:25:20.749+0000] {process_utils.py:194} INFO - Collecting overrides<8.0.0,>=7.4.0 (from airbyte->-r /tmp/venvgslvacnr/requirements.txt (line 1))
[2025-01-08T14:25:20.756+0000] {process_utils.py:194} INFO -   Downloading overrides-7.7.0-py3-none-any.whl.metadata (5.8 kB)
[2025-01-08T14:25:20.949+0000] {process_utils.py:194} INFO - Collecting pandas<3.0,>=1.5.3 (from airbyte->-r /tmp/venvgslvacnr/requirements.txt (line 1))
[2025-01-08T14:25:20.958+0000] {process_utils.py:194} INFO -   Downloading pandas-2.2.3-cp312-cp312-manylinux_2_17_x86_64.manylinux2014_x86_64.whl.metadata (89 kB)
[2025-01-08T14:25:21.142+0000] {process_utils.py:194} INFO - Collecting psycopg2-binary<3.0.0,>=2.9.9 (from airbyte->-r /tmp/venvgslvacnr/requirements.txt (line 1))
[2025-01-08T14:25:21.152+0000] {process_utils.py:194} INFO -   Downloading psycopg2_binary-2.9.10-cp312-cp312-manylinux_2_17_x86_64.manylinux2014_x86_64.whl.metadata (4.9 kB)
[2025-01-08T14:25:21.205+0000] {process_utils.py:194} INFO - Collecting psycopg<4.0.0,>=3.1.19 (from psycopg[binary,pool]<4.0.0,>=3.1.19->airbyte->-r /tmp/venvgslvacnr/requirements.txt (line 1))
[2025-01-08T14:25:21.211+0000] {process_utils.py:194} INFO -   Downloading psycopg-3.2.3-py3-none-any.whl.metadata (4.3 kB)
[2025-01-08T14:25:21.337+0000] {process_utils.py:194} INFO - Collecting pyarrow<18.0,>=16.1 (from airbyte->-r /tmp/venvgslvacnr/requirements.txt (line 1))
[2025-01-08T14:25:21.350+0000] {process_utils.py:194} INFO -   Downloading pyarrow-17.0.0-cp312-cp312-manylinux_2_28_x86_64.whl.metadata (3.3 kB)
[2025-01-08T14:25:21.539+0000] {process_utils.py:194} INFO - Collecting pydantic<=3.0,>=2.0 (from airbyte->-r /tmp/venvgslvacnr/requirements.txt (line 1))
[2025-01-08T14:25:21.548+0000] {process_utils.py:194} INFO -   Downloading pydantic-2.10.4-py3-none-any.whl.metadata (29 kB)
[2025-01-08T14:25:22.353+0000] {process_utils.py:194} INFO - Collecting pydantic-core (from airbyte->-r /tmp/venvgslvacnr/requirements.txt (line 1))
[2025-01-08T14:25:22.363+0000] {process_utils.py:194} INFO -   Downloading pydantic_core-2.27.2-cp312-cp312-manylinux_2_17_x86_64.manylinux2014_x86_64.whl.metadata (6.6 kB)
[2025-01-08T14:25:22.421+0000] {process_utils.py:194} INFO - Collecting python-dotenv<2.0.0,>=1.0.1 (from airbyte->-r /tmp/venvgslvacnr/requirements.txt (line 1))
[2025-01-08T14:25:22.432+0000] {process_utils.py:194} INFO -   Downloading python_dotenv-1.0.1-py3-none-any.whl.metadata (23 kB)
[2025-01-08T14:25:22.476+0000] {process_utils.py:194} INFO - Collecting python-ulid<4.0.0,>=3.0.0 (from airbyte->-r /tmp/venvgslvacnr/requirements.txt (line 1))
[2025-01-08T14:25:22.485+0000] {process_utils.py:194} INFO -   Downloading python_ulid-3.0.0-py3-none-any.whl.metadata (5.8 kB)
[2025-01-08T14:25:22.572+0000] {process_utils.py:194} INFO - Collecting pytz (from airbyte->-r /tmp/venvgslvacnr/requirements.txt (line 1))
[2025-01-08T14:25:22.579+0000] {process_utils.py:194} INFO -   Downloading pytz-2024.2-py2.py3-none-any.whl.metadata (22 kB)
[2025-01-08T14:25:22.655+0000] {process_utils.py:194} INFO - Collecting pyyaml<7.0.0,>=6.0.2 (from airbyte->-r /tmp/venvgslvacnr/requirements.txt (line 1))
[2025-01-08T14:25:22.667+0000] {process_utils.py:194} INFO -   Downloading PyYAML-6.0.2-cp312-cp312-manylinux_2_17_x86_64.manylinux2014_x86_64.whl.metadata (2.1 kB)
[2025-01-08T14:25:22.744+0000] {process_utils.py:194} INFO - Collecting requests<=2.32.2 (from airbyte->-r /tmp/venvgslvacnr/requirements.txt (line 1))
[2025-01-08T14:25:22.754+0000] {process_utils.py:194} INFO -   Downloading requests-2.32.2-py3-none-any.whl.metadata (4.6 kB)
[2025-01-08T14:25:22.884+0000] {process_utils.py:194} INFO - Collecting rich<14.0.0,>=13.7.0 (from airbyte->-r /tmp/venvgslvacnr/requirements.txt (line 1))
[2025-01-08T14:25:22.891+0000] {process_utils.py:194} INFO -   Downloading rich-13.9.4-py3-none-any.whl.metadata (18 kB)
[2025-01-08T14:25:23.492+0000] {process_utils.py:194} INFO - Collecting snowflake-connector-python<4.0.0,>=3.12.2 (from airbyte->-r /tmp/venvgslvacnr/requirements.txt (line 1))
[2025-01-08T14:25:23.501+0000] {process_utils.py:194} INFO -   Downloading snowflake_connector_python-3.12.4-cp312-cp312-manylinux_2_17_x86_64.manylinux2014_x86_64.whl.metadata (65 kB)
[2025-01-08T14:25:23.825+0000] {process_utils.py:194} INFO - Collecting snowflake-sqlalchemy<2.0.0,>=1.6.1 (from airbyte->-r /tmp/venvgslvacnr/requirements.txt (line 1))
[2025-01-08T14:25:23.833+0000] {process_utils.py:194} INFO -   Downloading snowflake_sqlalchemy-1.7.2-py3-none-any.whl.metadata (28 kB)
[2025-01-08T14:25:24.264+0000] {process_utils.py:194} INFO - Collecting sqlalchemy!=2.0.36,<3.0,>=1.4.51 (from airbyte->-r /tmp/venvgslvacnr/requirements.txt (line 1))
[2025-01-08T14:25:24.272+0000] {process_utils.py:194} INFO -   Downloading SQLAlchemy-2.0.35-cp312-cp312-manylinux_2_17_x86_64.manylinux2014_x86_64.whl.metadata (9.6 kB)
[2025-01-08T14:25:24.339+0000] {process_utils.py:194} INFO - Collecting sqlalchemy-bigquery==1.12.0 (from airbyte->-r /tmp/venvgslvacnr/requirements.txt (line 1))
[2025-01-08T14:25:24.353+0000] {process_utils.py:194} INFO -   Downloading sqlalchemy_bigquery-1.12.0-py2.py3-none-any.whl.metadata (15 kB)
[2025-01-08T14:25:24.412+0000] {process_utils.py:194} INFO - Collecting structlog<25.0.0,>=24.4.0 (from airbyte->-r /tmp/venvgslvacnr/requirements.txt (line 1))
[2025-01-08T14:25:24.421+0000] {process_utils.py:194} INFO -   Downloading structlog-24.4.0-py3-none-any.whl.metadata (7.3 kB)
[2025-01-08T14:25:24.480+0000] {process_utils.py:194} INFO - Collecting typing-extensions (from airbyte->-r /tmp/venvgslvacnr/requirements.txt (line 1))
[2025-01-08T14:25:24.488+0000] {process_utils.py:194} INFO -   Downloading typing_extensions-4.12.2-py3-none-any.whl.metadata (3.0 kB)
[2025-01-08T14:25:24.544+0000] {process_utils.py:194} INFO - Collecting uuid7<0.2.0,>=0.1.0 (from airbyte->-r /tmp/venvgslvacnr/requirements.txt (line 1))
[2025-01-08T14:25:24.553+0000] {process_utils.py:194} INFO -   Downloading uuid7-0.1.0-py2.py3-none-any.whl.metadata (3.6 kB)
[2025-01-08T14:25:24.698+0000] {process_utils.py:194} INFO - Collecting google-api-core!=2.0.*,!=2.1.*,!=2.2.*,!=2.3.0,<3.0.0dev,>=1.31.5 (from sqlalchemy-bigquery==1.12.0->airbyte->-r /tmp/venvgslvacnr/requirements.txt (line 1))
[2025-01-08T14:25:24.704+0000] {process_utils.py:194} INFO -   Downloading google_api_core-2.24.0-py3-none-any.whl.metadata (3.0 kB)
[2025-01-08T14:25:24.805+0000] {process_utils.py:194} INFO - Collecting packaging (from sqlalchemy-bigquery==1.12.0->airbyte->-r /tmp/venvgslvacnr/requirements.txt (line 1))
[2025-01-08T14:25:24.812+0000] {process_utils.py:194} INFO -   Downloading packaging-24.2-py3-none-any.whl.metadata (3.2 kB)
[2025-01-08T14:25:24.948+0000] {process_utils.py:194} INFO - Collecting python-dateutil>=2.6 (from pendulum->-r /tmp/venvgslvacnr/requirements.txt (line 2))
[2025-01-08T14:25:24.957+0000] {process_utils.py:194} INFO -   Downloading python_dateutil-2.9.0.post0-py2.py3-none-any.whl.metadata (8.4 kB)
[2025-01-08T14:25:25.008+0000] {process_utils.py:194} INFO - Collecting tzdata>=2020.1 (from pendulum->-r /tmp/venvgslvacnr/requirements.txt (line 2))
[2025-01-08T14:25:25.017+0000] {process_utils.py:194} INFO -   Downloading tzdata-2024.2-py2.py3-none-any.whl.metadata (1.4 kB)
[2025-01-08T14:25:25.146+0000] {process_utils.py:194} INFO - Collecting time-machine>=2.6.0 (from pendulum->-r /tmp/venvgslvacnr/requirements.txt (line 2))
[2025-01-08T14:25:25.153+0000] {process_utils.py:194} INFO -   Downloading time_machine-2.16.0-cp312-cp312-manylinux_2_5_x86_64.manylinux1_x86_64.manylinux_2_17_x86_64.manylinux2014_x86_64.whl.metadata (21 kB)
[2025-01-08T14:25:25.229+0000] {process_utils.py:194} INFO - Collecting certifi>=2023.7.22 (from airbyte-api<0.53.0,>=0.52.1->airbyte->-r /tmp/venvgslvacnr/requirements.txt (line 1))
[2025-01-08T14:25:25.236+0000] {process_utils.py:194} INFO -   Downloading certifi-2024.12.14-py3-none-any.whl.metadata (2.3 kB)
[2025-01-08T14:25:25.367+0000] {process_utils.py:194} INFO - Collecting charset-normalizer>=3.2.0 (from airbyte-api<0.53.0,>=0.52.1->airbyte->-r /tmp/venvgslvacnr/requirements.txt (line 1))
[2025-01-08T14:25:25.378+0000] {process_utils.py:194} INFO -   Downloading charset_normalizer-3.4.1-cp312-cp312-manylinux_2_17_x86_64.manylinux2014_x86_64.whl.metadata (35 kB)
[2025-01-08T14:25:25.447+0000] {process_utils.py:194} INFO - Collecting dataclasses-json>=0.6.4 (from airbyte-api<0.53.0,>=0.52.1->airbyte->-r /tmp/venvgslvacnr/requirements.txt (line 1))
[2025-01-08T14:25:25.458+0000] {process_utils.py:194} INFO -   Downloading dataclasses_json-0.6.7-py3-none-any.whl.metadata (25 kB)
[2025-01-08T14:25:25.506+0000] {process_utils.py:194} INFO - Collecting idna>=3.4 (from airbyte-api<0.53.0,>=0.52.1->airbyte->-r /tmp/venvgslvacnr/requirements.txt (line 1))
[2025-01-08T14:25:25.520+0000] {process_utils.py:194} INFO -   Downloading idna-3.10-py3-none-any.whl.metadata (10 kB)
[2025-01-08T14:25:25.568+0000] {process_utils.py:194} INFO - Collecting jsonpath-python>=1.0.6 (from airbyte-api<0.53.0,>=0.52.1->airbyte->-r /tmp/venvgslvacnr/requirements.txt (line 1))
[2025-01-08T14:25:25.577+0000] {process_utils.py:194} INFO -   Downloading jsonpath_python-1.0.6-py3-none-any.whl.metadata (12 kB)
[2025-01-08T14:25:25.659+0000] {process_utils.py:194} INFO - Collecting marshmallow>=3.19.0 (from airbyte-api<0.53.0,>=0.52.1->airbyte->-r /tmp/venvgslvacnr/requirements.txt (line 1))
[2025-01-08T14:25:25.668+0000] {process_utils.py:194} INFO -   Downloading marshmallow-3.24.1-py3-none-any.whl.metadata (7.1 kB)
[2025-01-08T14:25:25.708+0000] {process_utils.py:194} INFO - Collecting mypy-extensions>=1.0.0 (from airbyte-api<0.53.0,>=0.52.1->airbyte->-r /tmp/venvgslvacnr/requirements.txt (line 1))
[2025-01-08T14:25:25.715+0000] {process_utils.py:194} INFO -   Downloading mypy_extensions-1.0.0-py3-none-any.whl.metadata (1.1 kB)
[2025-01-08T14:25:25.783+0000] {process_utils.py:194} INFO - Collecting six>=1.16.0 (from airbyte-api<0.53.0,>=0.52.1->airbyte->-r /tmp/venvgslvacnr/requirements.txt (line 1))
[2025-01-08T14:25:25.791+0000] {process_utils.py:194} INFO -   Downloading six-1.17.0-py2.py3-none-any.whl.metadata (1.7 kB)
[2025-01-08T14:25:25.834+0000] {process_utils.py:194} INFO - Collecting typing-inspect>=0.9.0 (from airbyte-api<0.53.0,>=0.52.1->airbyte->-r /tmp/venvgslvacnr/requirements.txt (line 1))
[2025-01-08T14:25:25.840+0000] {process_utils.py:194} INFO -   Downloading typing_inspect-0.9.0-py3-none-any.whl.metadata (1.5 kB)
[2025-01-08T14:25:25.920+0000] {process_utils.py:194} INFO - Collecting urllib3>=1.26.18 (from airbyte-api<0.53.0,>=0.52.1->airbyte->-r /tmp/venvgslvacnr/requirements.txt (line 1))
[2025-01-08T14:25:25.929+0000] {process_utils.py:194} INFO -   Downloading urllib3-2.3.0-py3-none-any.whl.metadata (6.5 kB)
[2025-01-08T14:25:25.985+0000] {process_utils.py:194} INFO - Collecting Jinja2<3.2.0,>=3.1.2 (from airbyte-cdk<7.0.0,>=6.9.0->airbyte->-r /tmp/venvgslvacnr/requirements.txt (line 1))
[2025-01-08T14:25:25.991+0000] {process_utils.py:194} INFO -   Downloading jinja2-3.1.5-py3-none-any.whl.metadata (2.6 kB)
[2025-01-08T14:25:26.037+0000] {process_utils.py:194} INFO - Collecting Unidecode<2.0,>=1.3 (from airbyte-cdk<7.0.0,>=6.9.0->airbyte->-r /tmp/venvgslvacnr/requirements.txt (line 1))
[2025-01-08T14:25:26.045+0000] {process_utils.py:194} INFO -   Downloading Unidecode-1.3.8-py3-none-any.whl.metadata (13 kB)
[2025-01-08T14:25:26.485+0000] {process_utils.py:194} INFO - Collecting airbyte-protocol-models-dataclasses<0.15,>=0.14 (from airbyte-cdk<7.0.0,>=6.9.0->airbyte->-r /tmp/venvgslvacnr/requirements.txt (line 1))
[2025-01-08T14:25:26.493+0000] {process_utils.py:194} INFO -   Downloading airbyte_protocol_models_dataclasses-0.14.1-py3-none-any.whl.metadata (3.9 kB)
[2025-01-08T14:25:26.552+0000] {process_utils.py:194} INFO - Collecting backoff (from airbyte-cdk<7.0.0,>=6.9.0->airbyte->-r /tmp/venvgslvacnr/requirements.txt (line 1))
[2025-01-08T14:25:26.561+0000] {process_utils.py:194} INFO -   Downloading backoff-2.2.1-py3-none-any.whl.metadata (14 kB)
[2025-01-08T14:25:26.612+0000] {process_utils.py:194} INFO - Collecting cachetools (from airbyte-cdk<7.0.0,>=6.9.0->airbyte->-r /tmp/venvgslvacnr/requirements.txt (line 1))
[2025-01-08T14:25:26.620+0000] {process_utils.py:194} INFO -   Downloading cachetools-5.5.0-py3-none-any.whl.metadata (5.3 kB)
[2025-01-08T14:25:26.886+0000] {process_utils.py:194} INFO - Collecting cryptography<44.0.0,>=42.0.5 (from airbyte-cdk<7.0.0,>=6.9.0->airbyte->-r /tmp/venvgslvacnr/requirements.txt (line 1))
[2025-01-08T14:25:26.897+0000] {process_utils.py:194} INFO -   Downloading cryptography-43.0.3-cp39-abi3-manylinux_2_28_x86_64.whl.metadata (5.4 kB)
[2025-01-08T14:25:26.998+0000] {process_utils.py:194} INFO - Collecting dpath<3.0.0,>=2.1.6 (from airbyte-cdk<7.0.0,>=6.9.0->airbyte->-r /tmp/venvgslvacnr/requirements.txt (line 1))
[2025-01-08T14:25:27.005+0000] {process_utils.py:194} INFO -   Downloading dpath-2.2.0-py3-none-any.whl.metadata (15 kB)
[2025-01-08T14:25:27.064+0000] {process_utils.py:194} INFO - Collecting dunamai<2.0.0,>=1.22.0 (from airbyte-cdk<7.0.0,>=6.9.0->airbyte->-r /tmp/venvgslvacnr/requirements.txt (line 1))
[2025-01-08T14:25:27.074+0000] {process_utils.py:194} INFO -   Downloading dunamai-1.23.0-py3-none-any.whl.metadata (10 kB)
[2025-01-08T14:25:27.404+0000] {process_utils.py:194} INFO - Collecting genson==1.3.0 (from airbyte-cdk<7.0.0,>=6.9.0->airbyte->-r /tmp/venvgslvacnr/requirements.txt (line 1))
[2025-01-08T14:25:27.415+0000] {process_utils.py:194} INFO -   Downloading genson-1.3.0-py3-none-any.whl.metadata (28 kB)
[2025-01-08T14:25:27.459+0000] {process_utils.py:194} INFO - Collecting isodate<0.7.0,>=0.6.1 (from airbyte-cdk<7.0.0,>=6.9.0->airbyte->-r /tmp/venvgslvacnr/requirements.txt (line 1))
[2025-01-08T14:25:27.468+0000] {process_utils.py:194} INFO -   Downloading isodate-0.6.1-py2.py3-none-any.whl.metadata (9.6 kB)
[2025-01-08T14:25:27.779+0000] {process_utils.py:194} INFO - Collecting jsonref<0.3,>=0.2 (from airbyte-cdk<7.0.0,>=6.9.0->airbyte->-r /tmp/venvgslvacnr/requirements.txt (line 1))
[2025-01-08T14:25:27.790+0000] {process_utils.py:194} INFO -   Downloading jsonref-0.2-py3-none-any.whl.metadata (3.4 kB)
[2025-01-08T14:25:27.816+0000] {process_utils.py:194} INFO - Collecting jsonschema<5.0,>=3.2.0 (from airbyte->-r /tmp/venvgslvacnr/requirements.txt (line 1))
[2025-01-08T14:25:27.825+0000] {process_utils.py:194} INFO -   Downloading jsonschema-4.17.3-py3-none-any.whl.metadata (7.9 kB)
[2025-01-08T14:25:27.931+0000] {process_utils.py:194} INFO - Collecting langchain_core==0.1.42 (from airbyte-cdk<7.0.0,>=6.9.0->airbyte->-r /tmp/venvgslvacnr/requirements.txt (line 1))
[2025-01-08T14:25:27.940+0000] {process_utils.py:194} INFO -   Downloading langchain_core-0.1.42-py3-none-any.whl.metadata (5.9 kB)
[2025-01-08T14:25:27.995+0000] {process_utils.py:194} INFO - Collecting nltk==3.9.1 (from airbyte-cdk<7.0.0,>=6.9.0->airbyte->-r /tmp/venvgslvacnr/requirements.txt (line 1))
[2025-01-08T14:25:28.003+0000] {process_utils.py:194} INFO -   Downloading nltk-3.9.1-py3-none-any.whl.metadata (2.9 kB)
[2025-01-08T14:25:28.253+0000] {process_utils.py:194} INFO - Collecting numpy<2 (from airbyte-cdk<7.0.0,>=6.9.0->airbyte->-r /tmp/venvgslvacnr/requirements.txt (line 1))
[2025-01-08T14:25:28.260+0000] {process_utils.py:194} INFO -   Downloading numpy-1.26.4-cp312-cp312-manylinux_2_17_x86_64.manylinux2014_x86_64.whl.metadata (61 kB)
[2025-01-08T14:25:28.303+0000] {process_utils.py:194} INFO - Collecting pandas<3.0,>=1.5.3 (from airbyte->-r /tmp/venvgslvacnr/requirements.txt (line 1))
[2025-01-08T14:25:28.312+0000] {process_utils.py:194} INFO -   Downloading pandas-2.2.2-cp312-cp312-manylinux_2_17_x86_64.manylinux2014_x86_64.whl.metadata (19 kB)
[2025-01-08T14:25:28.349+0000] {process_utils.py:194} INFO - Collecting pendulum (from -r /tmp/venvgslvacnr/requirements.txt (line 2))
[2025-01-08T14:25:28.356+0000] {process_utils.py:194} INFO -   Downloading pendulum-2.1.2.tar.gz (81 kB)
[2025-01-08T14:25:28.404+0000] {process_utils.py:194} INFO -   Installing build dependencies: started
[2025-01-08T14:25:29.803+0000] {process_utils.py:194} INFO -   Installing build dependencies: finished with status 'done'
[2025-01-08T14:25:29.804+0000] {process_utils.py:194} INFO -   Getting requirements to build wheel: started
[2025-01-08T14:25:30.162+0000] {process_utils.py:194} INFO -   Getting requirements to build wheel: finished with status 'done'
[2025-01-08T14:25:30.163+0000] {process_utils.py:194} INFO -   Preparing metadata (pyproject.toml): started
[2025-01-08T14:25:30.821+0000] {process_utils.py:194} INFO -   Preparing metadata (pyproject.toml): finished with status 'done'
[2025-01-08T14:25:31.017+0000] {process_utils.py:194} INFO - Collecting psutil==6.1.0 (from airbyte-cdk<7.0.0,>=6.9.0->airbyte->-r /tmp/venvgslvacnr/requirements.txt (line 1))
[2025-01-08T14:25:31.028+0000] {process_utils.py:194} INFO -   Downloading psutil-6.1.0-cp36-abi3-manylinux_2_12_x86_64.manylinux2010_x86_64.manylinux_2_17_x86_64.manylinux2014_x86_64.whl.metadata (22 kB)
[2025-01-08T14:25:31.106+0000] {process_utils.py:194} INFO - Collecting pyjwt<3.0.0,>=2.8.0 (from airbyte-cdk<7.0.0,>=6.9.0->airbyte->-r /tmp/venvgslvacnr/requirements.txt (line 1))
[2025-01-08T14:25:31.112+0000] {process_utils.py:194} INFO -   Downloading PyJWT-2.10.1-py3-none-any.whl.metadata (4.0 kB)
[2025-01-08T14:25:31.451+0000] {process_utils.py:194} INFO - Collecting pyrate-limiter<3.2.0,>=3.1.0 (from airbyte-cdk<7.0.0,>=6.9.0->airbyte->-r /tmp/venvgslvacnr/requirements.txt (line 1))
[2025-01-08T14:25:31.461+0000] {process_utils.py:194} INFO -   Downloading pyrate_limiter-3.1.1-py3-none-any.whl.metadata (22 kB)
[2025-01-08T14:25:32.296+0000] {process_utils.py:194} INFO - Collecting rapidfuzz<4.0.0,>=3.10.1 (from airbyte-cdk<7.0.0,>=6.9.0->airbyte->-r /tmp/venvgslvacnr/requirements.txt (line 1))
[2025-01-08T14:25:32.307+0000] {process_utils.py:194} INFO -   Downloading rapidfuzz-3.11.0-cp312-cp312-manylinux_2_17_x86_64.manylinux2014_x86_64.whl.metadata (11 kB)
[2025-01-08T14:25:32.668+0000] {process_utils.py:194} INFO - Collecting requests_cache (from airbyte-cdk<7.0.0,>=6.9.0->airbyte->-r /tmp/venvgslvacnr/requirements.txt (line 1))
[2025-01-08T14:25:32.678+0000] {process_utils.py:194} INFO -   Downloading requests_cache-1.2.1-py3-none-any.whl.metadata (9.9 kB)
[2025-01-08T14:25:33.065+0000] {process_utils.py:194} INFO - Collecting serpyco-rs<2.0.0,>=1.10.2 (from airbyte-cdk<7.0.0,>=6.9.0->airbyte->-r /tmp/venvgslvacnr/requirements.txt (line 1))
[2025-01-08T14:25:33.092+0000] {process_utils.py:194} INFO -   Downloading serpyco_rs-1.11.0-cp312-cp312-manylinux_2_17_x86_64.manylinux2014_x86_64.whl.metadata (16 kB)
[2025-01-08T14:25:33.166+0000] {process_utils.py:194} INFO - Collecting wcmatch==10.0 (from airbyte-cdk<7.0.0,>=6.9.0->airbyte->-r /tmp/venvgslvacnr/requirements.txt (line 1))
[2025-01-08T14:25:33.181+0000] {process_utils.py:194} INFO -   Downloading wcmatch-10.0-py3-none-any.whl.metadata (5.0 kB)
[2025-01-08T14:25:33.227+0000] {process_utils.py:194} INFO - Collecting xmltodict<0.14.0,>=0.13.0 (from airbyte-cdk<7.0.0,>=6.9.0->airbyte->-r /tmp/venvgslvacnr/requirements.txt (line 1))
[2025-01-08T14:25:33.240+0000] {process_utils.py:194} INFO -   Downloading xmltodict-0.13.0-py2.py3-none-any.whl.metadata (7.7 kB)
[2025-01-08T14:25:33.322+0000] {process_utils.py:194} INFO - Collecting jsonpatch<2.0,>=1.33 (from langchain_core==0.1.42->airbyte-cdk<7.0.0,>=6.9.0->airbyte->-r /tmp/venvgslvacnr/requirements.txt (line 1))
[2025-01-08T14:25:33.345+0000] {process_utils.py:194} INFO -   Downloading jsonpatch-1.33-py2.py3-none-any.whl.metadata (3.0 kB)
[2025-01-08T14:25:33.503+0000] {process_utils.py:194} INFO - Collecting langsmith<0.2.0,>=0.1.0 (from langchain_core==0.1.42->airbyte-cdk<7.0.0,>=6.9.0->airbyte->-r /tmp/venvgslvacnr/requirements.txt (line 1))
[2025-01-08T14:25:33.512+0000] {process_utils.py:194} INFO -   Downloading langsmith-0.1.147-py3-none-any.whl.metadata (14 kB)
[2025-01-08T14:25:33.534+0000] {process_utils.py:194} INFO - Collecting packaging (from sqlalchemy-bigquery==1.12.0->airbyte->-r /tmp/venvgslvacnr/requirements.txt (line 1))
[2025-01-08T14:25:33.542+0000] {process_utils.py:194} INFO -   Downloading packaging-23.2-py3-none-any.whl.metadata (3.2 kB)
[2025-01-08T14:25:33.684+0000] {process_utils.py:194} INFO - Collecting tenacity<9.0.0,>=8.1.0 (from langchain_core==0.1.42->airbyte-cdk<7.0.0,>=6.9.0->airbyte->-r /tmp/venvgslvacnr/requirements.txt (line 1))
[2025-01-08T14:25:33.692+0000] {process_utils.py:194} INFO -   Downloading tenacity-8.5.0-py3-none-any.whl.metadata (1.2 kB)
[2025-01-08T14:25:33.751+0000] {process_utils.py:194} INFO - Collecting joblib (from nltk==3.9.1->airbyte-cdk<7.0.0,>=6.9.0->airbyte->-r /tmp/venvgslvacnr/requirements.txt (line 1))
[2025-01-08T14:25:33.762+0000] {process_utils.py:194} INFO -   Downloading joblib-1.4.2-py3-none-any.whl.metadata (5.4 kB)
[2025-01-08T14:25:34.219+0000] {process_utils.py:194} INFO - Collecting regex>=2021.8.3 (from nltk==3.9.1->airbyte-cdk<7.0.0,>=6.9.0->airbyte->-r /tmp/venvgslvacnr/requirements.txt (line 1))
[2025-01-08T14:25:34.226+0000] {process_utils.py:194} INFO -   Downloading regex-2024.11.6-cp312-cp312-manylinux_2_17_x86_64.manylinux2014_x86_64.whl.metadata (40 kB)
[2025-01-08T14:25:34.330+0000] {process_utils.py:194} INFO - Collecting tqdm (from nltk==3.9.1->airbyte-cdk<7.0.0,>=6.9.0->airbyte->-r /tmp/venvgslvacnr/requirements.txt (line 1))
[2025-01-08T14:25:34.336+0000] {process_utils.py:194} INFO -   Downloading tqdm-4.67.1-py3-none-any.whl.metadata (57 kB)
[2025-01-08T14:25:34.391+0000] {process_utils.py:194} INFO - Collecting bracex>=2.1.1 (from wcmatch==10.0->airbyte-cdk<7.0.0,>=6.9.0->airbyte->-r /tmp/venvgslvacnr/requirements.txt (line 1))
[2025-01-08T14:25:34.398+0000] {process_utils.py:194} INFO -   Downloading bracex-2.5.post1-py3-none-any.whl.metadata (3.5 kB)
[2025-01-08T14:25:34.449+0000] {process_utils.py:194} INFO - Collecting pytzdata>=2020.1 (from pendulum->-r /tmp/venvgslvacnr/requirements.txt (line 2))
[2025-01-08T14:25:34.458+0000] {process_utils.py:194} INFO -   Downloading pytzdata-2020.1-py2.py3-none-any.whl.metadata (2.3 kB)
[2025-01-08T14:25:34.586+0000] {process_utils.py:194} INFO - Collecting pyasn1-modules>=0.2.1 (from google-auth<3.0,>=2.27.0->airbyte->-r /tmp/venvgslvacnr/requirements.txt (line 1))
[2025-01-08T14:25:34.593+0000] {process_utils.py:194} INFO -   Downloading pyasn1_modules-0.4.1-py3-none-any.whl.metadata (3.5 kB)
[2025-01-08T14:25:34.646+0000] {process_utils.py:194} INFO - Collecting rsa<5,>=3.1.4 (from google-auth<3.0,>=2.27.0->airbyte->-r /tmp/venvgslvacnr/requirements.txt (line 1))
[2025-01-08T14:25:34.653+0000] {process_utils.py:194} INFO -   Downloading rsa-4.9-py3-none-any.whl.metadata (4.2 kB)
[2025-01-08T14:25:34.749+0000] {process_utils.py:194} INFO - Collecting google-cloud-core<3.0.0dev,>=2.4.1 (from google-cloud-bigquery<4.0,>=3.12.0->airbyte->-r /tmp/venvgslvacnr/requirements.txt (line 1))
[2025-01-08T14:25:34.764+0000] {process_utils.py:194} INFO -   Downloading google_cloud_core-2.4.1-py2.py3-none-any.whl.metadata (2.7 kB)
[2025-01-08T14:25:34.825+0000] {process_utils.py:194} INFO - Collecting google-resumable-media<3.0dev,>=2.0.0 (from google-cloud-bigquery<4.0,>=3.12.0->airbyte->-r /tmp/venvgslvacnr/requirements.txt (line 1))
[2025-01-08T14:25:34.832+0000] {process_utils.py:194} INFO -   Downloading google_resumable_media-2.7.2-py2.py3-none-any.whl.metadata (2.2 kB)
[2025-01-08T14:25:34.977+0000] {process_utils.py:194} INFO - Collecting proto-plus<2.0.0dev,>=1.22.0 (from google-cloud-bigquery-storage<3.0.0,>=2.25.0->airbyte->-r /tmp/venvgslvacnr/requirements.txt (line 1))
[2025-01-08T14:25:35.013+0000] {process_utils.py:194} INFO -   Downloading proto_plus-1.25.0-py3-none-any.whl.metadata (2.2 kB)
[2025-01-08T14:25:35.317+0000] {process_utils.py:194} INFO - Collecting protobuf!=3.20.0,!=3.20.1,!=4.21.0,!=4.21.1,!=4.21.2,!=4.21.3,!=4.21.4,!=4.21.5,<6.0.0dev,>=3.20.2 (from google-cloud-bigquery-storage<3.0.0,>=2.25.0->airbyte->-r /tmp/venvgslvacnr/requirements.txt (line 1))
[2025-01-08T14:25:35.324+0000] {process_utils.py:194} INFO -   Downloading protobuf-5.29.2-cp38-abi3-manylinux2014_x86_64.whl.metadata (592 bytes)
[2025-01-08T14:25:35.461+0000] {process_utils.py:194} INFO - Collecting grpc-google-iam-v1<1.0.0dev,>=0.12.4 (from google-cloud-secret-manager<3.0.0,>=2.17.0->airbyte->-r /tmp/venvgslvacnr/requirements.txt (line 1))
[2025-01-08T14:25:35.469+0000] {process_utils.py:194} INFO -   Downloading grpc_google_iam_v1-0.14.0-py2.py3-none-any.whl.metadata (3.3 kB)
[2025-01-08T14:25:35.521+0000] {process_utils.py:194} INFO - Collecting attrs>=17.4.0 (from jsonschema<5.0,>=3.2.0->airbyte->-r /tmp/venvgslvacnr/requirements.txt (line 1))
[2025-01-08T14:25:35.529+0000] {process_utils.py:194} INFO -   Downloading attrs-24.3.0-py3-none-any.whl.metadata (11 kB)
[2025-01-08T14:25:35.602+0000] {process_utils.py:194} INFO - Collecting pyrsistent!=0.17.0,!=0.17.1,!=0.17.2,>=0.14.0 (from jsonschema<5.0,>=3.2.0->airbyte->-r /tmp/venvgslvacnr/requirements.txt (line 1))
[2025-01-08T14:25:35.610+0000] {process_utils.py:194} INFO -   Downloading pyrsistent-0.20.0-cp312-cp312-manylinux_2_17_x86_64.manylinux2014_x86_64.whl.metadata (27 kB)
[2025-01-08T14:25:35.837+0000] {process_utils.py:194} INFO - Collecting psycopg-binary==3.2.3 (from psycopg[binary,pool]<4.0.0,>=3.1.19->airbyte->-r /tmp/venvgslvacnr/requirements.txt (line 1))
[2025-01-08T14:25:35.845+0000] {process_utils.py:194} INFO -   Downloading psycopg_binary-3.2.3-cp312-cp312-manylinux_2_17_x86_64.manylinux2014_x86_64.whl.metadata (2.8 kB)
[2025-01-08T14:25:35.892+0000] {process_utils.py:194} INFO - Collecting psycopg-pool (from psycopg[binary,pool]<4.0.0,>=3.1.19->airbyte->-r /tmp/venvgslvacnr/requirements.txt (line 1))
[2025-01-08T14:25:35.901+0000] {process_utils.py:194} INFO -   Downloading psycopg_pool-3.2.4-py3-none-any.whl.metadata (2.6 kB)
[2025-01-08T14:25:35.954+0000] {process_utils.py:194} INFO - Collecting annotated-types>=0.6.0 (from pydantic<=3.0,>=2.0->airbyte->-r /tmp/venvgslvacnr/requirements.txt (line 1))
[2025-01-08T14:25:35.961+0000] {process_utils.py:194} INFO -   Downloading annotated_types-0.7.0-py3-none-any.whl.metadata (15 kB)
[2025-01-08T14:25:36.074+0000] {process_utils.py:194} INFO - Collecting markdown-it-py>=2.2.0 (from rich<14.0.0,>=13.7.0->airbyte->-r /tmp/venvgslvacnr/requirements.txt (line 1))
[2025-01-08T14:25:36.080+0000] {process_utils.py:194} INFO -   Downloading markdown_it_py-3.0.0-py3-none-any.whl.metadata (6.9 kB)
[2025-01-08T14:25:36.142+0000] {process_utils.py:194} INFO - Collecting pygments<3.0.0,>=2.13.0 (from rich<14.0.0,>=13.7.0->airbyte->-r /tmp/venvgslvacnr/requirements.txt (line 1))
[2025-01-08T14:25:36.149+0000] {process_utils.py:194} INFO -   Downloading pygments-2.19.1-py3-none-any.whl.metadata (2.5 kB)
[2025-01-08T14:25:36.198+0000] {process_utils.py:194} INFO - Collecting asn1crypto<2.0.0,>0.24.0 (from snowflake-connector-python<4.0.0,>=3.12.2->airbyte->-r /tmp/venvgslvacnr/requirements.txt (line 1))
[2025-01-08T14:25:36.208+0000] {process_utils.py:194} INFO -   Downloading asn1crypto-1.5.1-py2.py3-none-any.whl.metadata (13 kB)
[2025-01-08T14:25:36.374+0000] {process_utils.py:194} INFO - Collecting cffi<2.0.0,>=1.9 (from snowflake-connector-python<4.0.0,>=3.12.2->airbyte->-r /tmp/venvgslvacnr/requirements.txt (line 1))
[2025-01-08T14:25:36.381+0000] {process_utils.py:194} INFO -   Downloading cffi-1.17.1-cp312-cp312-manylinux_2_17_x86_64.manylinux2014_x86_64.whl.metadata (1.5 kB)
[2025-01-08T14:25:36.449+0000] {process_utils.py:194} INFO - Collecting pyOpenSSL<25.0.0,>=22.0.0 (from snowflake-connector-python<4.0.0,>=3.12.2->airbyte->-r /tmp/venvgslvacnr/requirements.txt (line 1))
[2025-01-08T14:25:36.459+0000] {process_utils.py:194} INFO -   Downloading pyOpenSSL-24.3.0-py3-none-any.whl.metadata (15 kB)
[2025-01-08T14:25:36.542+0000] {process_utils.py:194} INFO - Collecting filelock<4,>=3.5 (from snowflake-connector-python<4.0.0,>=3.12.2->airbyte->-r /tmp/venvgslvacnr/requirements.txt (line 1))
[2025-01-08T14:25:36.550+0000] {process_utils.py:194} INFO -   Downloading filelock-3.16.1-py3-none-any.whl.metadata (2.9 kB)
[2025-01-08T14:25:36.701+0000] {process_utils.py:194} INFO - Collecting sortedcontainers>=2.4.0 (from snowflake-connector-python<4.0.0,>=3.12.2->airbyte->-r /tmp/venvgslvacnr/requirements.txt (line 1))
[2025-01-08T14:25:36.709+0000] {process_utils.py:194} INFO -   Downloading sortedcontainers-2.4.0-py2.py3-none-any.whl.metadata (10 kB)
[2025-01-08T14:25:36.767+0000] {process_utils.py:194} INFO - Collecting platformdirs<5.0.0,>=2.6.0 (from snowflake-connector-python<4.0.0,>=3.12.2->airbyte->-r /tmp/venvgslvacnr/requirements.txt (line 1))
[2025-01-08T14:25:36.773+0000] {process_utils.py:194} INFO -   Downloading platformdirs-4.3.6-py3-none-any.whl.metadata (11 kB)
[2025-01-08T14:25:36.847+0000] {process_utils.py:194} INFO - Collecting tomlkit (from snowflake-connector-python<4.0.0,>=3.12.2->airbyte->-r /tmp/venvgslvacnr/requirements.txt (line 1))
[2025-01-08T14:25:36.857+0000] {process_utils.py:194} INFO -   Downloading tomlkit-0.13.2-py3-none-any.whl.metadata (2.7 kB)
[2025-01-08T14:25:37.088+0000] {process_utils.py:194} INFO - Collecting greenlet!=0.4.17 (from sqlalchemy!=2.0.36,<3.0,>=1.4.51->airbyte->-r /tmp/venvgslvacnr/requirements.txt (line 1))
[2025-01-08T14:25:37.096+0000] {process_utils.py:194} INFO -   Downloading greenlet-3.1.1-cp312-cp312-manylinux_2_24_x86_64.manylinux_2_28_x86_64.whl.metadata (3.8 kB)
[2025-01-08T14:25:37.166+0000] {process_utils.py:194} INFO - Collecting pycparser (from cffi<2.0.0,>=1.9->snowflake-connector-python<4.0.0,>=3.12.2->airbyte->-r /tmp/venvgslvacnr/requirements.txt (line 1))
[2025-01-08T14:25:37.172+0000] {process_utils.py:194} INFO -   Downloading pycparser-2.22-py3-none-any.whl.metadata (943 bytes)
[2025-01-08T14:25:37.269+0000] {process_utils.py:194} INFO - Collecting googleapis-common-protos<2.0.dev0,>=1.56.2 (from google-api-core!=2.0.*,!=2.1.*,!=2.2.*,!=2.3.0,<3.0.0dev,>=1.31.5->sqlalchemy-bigquery==1.12.0->airbyte->-r /tmp/venvgslvacnr/requirements.txt (line 1))
[2025-01-08T14:25:37.277+0000] {process_utils.py:194} INFO -   Downloading googleapis_common_protos-1.66.0-py2.py3-none-any.whl.metadata (1.5 kB)
[2025-01-08T14:25:38.071+0000] {process_utils.py:194} INFO - Collecting grpcio<2.0dev,>=1.33.2 (from google-api-core[grpc]<3.0.0dev,>=2.11.1->google-cloud-bigquery<4.0,>=3.12.0->airbyte->-r /tmp/venvgslvacnr/requirements.txt (line 1))
[2025-01-08T14:25:38.081+0000] {process_utils.py:194} INFO -   Downloading grpcio-1.69.0-cp312-cp312-manylinux_2_17_x86_64.manylinux2014_x86_64.whl.metadata (3.9 kB)
[2025-01-08T14:25:38.164+0000] {process_utils.py:194} INFO - Collecting grpcio-status<2.0.dev0,>=1.33.2 (from google-api-core[grpc]<3.0.0dev,>=2.11.1->google-cloud-bigquery<4.0,>=3.12.0->airbyte->-r /tmp/venvgslvacnr/requirements.txt (line 1))
[2025-01-08T14:25:38.173+0000] {process_utils.py:194} INFO -   Downloading grpcio_status-1.69.0-py3-none-any.whl.metadata (1.1 kB)
[2025-01-08T14:25:38.288+0000] {process_utils.py:194} INFO - Collecting google-crc32c<2.0dev,>=1.0 (from google-resumable-media<3.0dev,>=2.0.0->google-cloud-bigquery<4.0,>=3.12.0->airbyte->-r /tmp/venvgslvacnr/requirements.txt (line 1))
[2025-01-08T14:25:38.297+0000] {process_utils.py:194} INFO -   Downloading google_crc32c-1.6.0-cp312-cp312-manylinux_2_17_x86_64.manylinux2014_x86_64.whl.metadata (2.3 kB)
[2025-01-08T14:25:38.428+0000] {process_utils.py:194} INFO - Collecting MarkupSafe>=2.0 (from Jinja2<3.2.0,>=3.1.2->airbyte-cdk<7.0.0,>=6.9.0->airbyte->-r /tmp/venvgslvacnr/requirements.txt (line 1))
[2025-01-08T14:25:38.437+0000] {process_utils.py:194} INFO -   Downloading MarkupSafe-3.0.2-cp312-cp312-manylinux_2_17_x86_64.manylinux2014_x86_64.whl.metadata (4.0 kB)
[2025-01-08T14:25:38.485+0000] {process_utils.py:194} INFO - Collecting mdurl~=0.1 (from markdown-it-py>=2.2.0->rich<14.0.0,>=13.7.0->airbyte->-r /tmp/venvgslvacnr/requirements.txt (line 1))
[2025-01-08T14:25:38.493+0000] {process_utils.py:194} INFO -   Downloading mdurl-0.1.2-py3-none-any.whl.metadata (1.6 kB)
[2025-01-08T14:25:38.760+0000] {process_utils.py:194} INFO - Collecting pyasn1<0.7.0,>=0.4.6 (from pyasn1-modules>=0.2.1->google-auth<3.0,>=2.27.0->airbyte->-r /tmp/venvgslvacnr/requirements.txt (line 1))
[2025-01-08T14:25:38.769+0000] {process_utils.py:194} INFO -   Downloading pyasn1-0.6.1-py3-none-any.whl.metadata (8.4 kB)
[2025-01-08T14:25:39.080+0000] {process_utils.py:194} INFO - Collecting attributes-doc (from serpyco-rs<2.0.0,>=1.10.2->airbyte-cdk<7.0.0,>=6.9.0->airbyte->-r /tmp/venvgslvacnr/requirements.txt (line 1))
[2025-01-08T14:25:39.090+0000] {process_utils.py:194} INFO -   Downloading attributes_doc-0.4.0-py2.py3-none-any.whl.metadata (3.4 kB)
[2025-01-08T14:25:39.183+0000] {process_utils.py:194} INFO - Collecting cattrs>=22.2 (from requests_cache->airbyte-cdk<7.0.0,>=6.9.0->airbyte->-r /tmp/venvgslvacnr/requirements.txt (line 1))
[2025-01-08T14:25:39.194+0000] {process_utils.py:194} INFO -   Downloading cattrs-24.1.2-py3-none-any.whl.metadata (8.4 kB)
[2025-01-08T14:25:39.608+0000] {process_utils.py:194} INFO - Collecting url-normalize>=1.4 (from requests_cache->airbyte-cdk<7.0.0,>=6.9.0->airbyte->-r /tmp/venvgslvacnr/requirements.txt (line 1))
[2025-01-08T14:25:39.618+0000] {process_utils.py:194} INFO -   Downloading url_normalize-1.4.3-py2.py3-none-any.whl.metadata (3.1 kB)
[2025-01-08T14:25:39.800+0000] {process_utils.py:194} INFO - Collecting jsonpointer>=1.9 (from jsonpatch<2.0,>=1.33->langchain_core==0.1.42->airbyte-cdk<7.0.0,>=6.9.0->airbyte->-r /tmp/venvgslvacnr/requirements.txt (line 1))
[2025-01-08T14:25:39.809+0000] {process_utils.py:194} INFO -   Downloading jsonpointer-3.0.0-py2.py3-none-any.whl.metadata (2.3 kB)
[2025-01-08T14:25:39.879+0000] {process_utils.py:194} INFO - Collecting httpx<1,>=0.23.0 (from langsmith<0.2.0,>=0.1.0->langchain_core==0.1.42->airbyte-cdk<7.0.0,>=6.9.0->airbyte->-r /tmp/venvgslvacnr/requirements.txt (line 1))
[2025-01-08T14:25:39.891+0000] {process_utils.py:194} INFO -   Downloading httpx-0.28.1-py3-none-any.whl.metadata (7.1 kB)
[2025-01-08T14:25:39.981+0000] {process_utils.py:194} INFO - Collecting requests-toolbelt<2.0.0,>=1.0.0 (from langsmith<0.2.0,>=0.1.0->langchain_core==0.1.42->airbyte-cdk<7.0.0,>=6.9.0->airbyte->-r /tmp/venvgslvacnr/requirements.txt (line 1))
[2025-01-08T14:25:39.990+0000] {process_utils.py:194} INFO -   Downloading requests_toolbelt-1.0.0-py2.py3-none-any.whl.metadata (14 kB)
[2025-01-08T14:25:40.097+0000] {process_utils.py:194} INFO - Collecting anyio (from httpx<1,>=0.23.0->langsmith<0.2.0,>=0.1.0->langchain_core==0.1.42->airbyte-cdk<7.0.0,>=6.9.0->airbyte->-r /tmp/venvgslvacnr/requirements.txt (line 1))
[2025-01-08T14:25:40.105+0000] {process_utils.py:194} INFO -   Downloading anyio-4.8.0-py3-none-any.whl.metadata (4.6 kB)
[2025-01-08T14:25:40.164+0000] {process_utils.py:194} INFO - Collecting httpcore==1.* (from httpx<1,>=0.23.0->langsmith<0.2.0,>=0.1.0->langchain_core==0.1.42->airbyte-cdk<7.0.0,>=6.9.0->airbyte->-r /tmp/venvgslvacnr/requirements.txt (line 1))
[2025-01-08T14:25:40.173+0000] {process_utils.py:194} INFO -   Downloading httpcore-1.0.7-py3-none-any.whl.metadata (21 kB)
[2025-01-08T14:25:40.226+0000] {process_utils.py:194} INFO - Collecting h11<0.15,>=0.13 (from httpcore==1.*->httpx<1,>=0.23.0->langsmith<0.2.0,>=0.1.0->langchain_core==0.1.42->airbyte-cdk<7.0.0,>=6.9.0->airbyte->-r /tmp/venvgslvacnr/requirements.txt (line 1))
[2025-01-08T14:25:40.233+0000] {process_utils.py:194} INFO -   Downloading h11-0.14.0-py3-none-any.whl.metadata (8.2 kB)
[2025-01-08T14:25:40.329+0000] {process_utils.py:194} INFO - Collecting sniffio>=1.1 (from anyio->httpx<1,>=0.23.0->langsmith<0.2.0,>=0.1.0->langchain_core==0.1.42->airbyte-cdk<7.0.0,>=6.9.0->airbyte->-r /tmp/venvgslvacnr/requirements.txt (line 1))
[2025-01-08T14:25:40.337+0000] {process_utils.py:194} INFO -   Downloading sniffio-1.3.1-py3-none-any.whl.metadata (3.9 kB)
[2025-01-08T14:25:40.394+0000] {process_utils.py:194} INFO - Downloading airbyte-0.22.0-py3-none-any.whl (182 kB)
[2025-01-08T14:25:40.429+0000] {process_utils.py:194} INFO - Downloading sqlalchemy_bigquery-1.12.0-py2.py3-none-any.whl (38 kB)
[2025-01-08T14:25:40.450+0000] {process_utils.py:194} INFO - Downloading setuptools-75.7.0-py3-none-any.whl (1.2 MB)
[2025-01-08T14:25:40.542+0000] {process_utils.py:194} INFO -    ━━━━━━━━━━━━━━━━━━━━━━━━━━━━━━━━━━━━━━━━ 1.2/1.2 MB 13.2 MB/s eta 0:00:00
[2025-01-08T14:25:40.553+0000] {process_utils.py:194} INFO - Downloading wheel-0.45.1-py3-none-any.whl (72 kB)
[2025-01-08T14:25:40.573+0000] {process_utils.py:194} INFO - Downloading airbyte_api-0.52.2-py3-none-any.whl (651 kB)
[2025-01-08T14:25:40.628+0000] {process_utils.py:194} INFO -    ━━━━━━━━━━━━━━━━━━━━━━━━━━━━━━━━━━━━━━━━ 651.3/651.3 kB 10.0 MB/s eta 0:00:00
[2025-01-08T14:25:40.908+0000] {process_utils.py:194} INFO - Downloading airbyte_cdk-6.14.0-py3-none-any.whl (544 kB)
[2025-01-08T14:25:40.939+0000] {process_utils.py:194} INFO -    ━━━━━━━━━━━━━━━━━━━━━━━━━━━━━━━━━━━━━━━━ 544.6/544.6 kB 12.9 MB/s eta 0:00:00
[2025-01-08T14:25:40.945+0000] {process_utils.py:194} INFO - Downloading pandas-2.2.2-cp312-cp312-manylinux_2_17_x86_64.manylinux2014_x86_64.whl (12.7 MB)
[2025-01-08T14:25:43.036+0000] {process_utils.py:194} INFO -    ━━━━━━━━━━━━━━━━━━━━━━━━━━━━━━━━━━━━━━━━ 12.7/12.7 MB 6.0 MB/s eta 0:00:00
[2025-01-08T14:25:43.041+0000] {process_utils.py:194} INFO - Downloading pytz-2024.2-py2.py3-none-any.whl (508 kB)
[2025-01-08T14:25:43.118+0000] {process_utils.py:194} INFO - Downloading genson-1.3.0-py3-none-any.whl (21 kB)
[2025-01-08T14:25:43.138+0000] {process_utils.py:194} INFO - Downloading langchain_core-0.1.42-py3-none-any.whl (287 kB)
[2025-01-08T14:25:43.185+0000] {process_utils.py:194} INFO - Downloading nltk-3.9.1-py3-none-any.whl (1.5 MB)
[2025-01-08T14:25:43.351+0000] {process_utils.py:194} INFO -    ━━━━━━━━━━━━━━━━━━━━━━━━━━━━━━━━━━━━━━━━ 1.5/1.5 MB 10.2 MB/s eta 0:00:00
[2025-01-08T14:25:43.359+0000] {process_utils.py:194} INFO - Downloading psutil-6.1.0-cp36-abi3-manylinux_2_12_x86_64.manylinux2010_x86_64.manylinux_2_17_x86_64.manylinux2014_x86_64.whl (287 kB)
[2025-01-08T14:25:43.399+0000] {process_utils.py:194} INFO - Downloading wcmatch-10.0-py3-none-any.whl (39 kB)
[2025-01-08T14:25:43.423+0000] {process_utils.py:194} INFO - Downloading airbyte_protocol_models_pdv2-0.13.1-py3-none-any.whl (10.0 kB)
[2025-01-08T14:25:43.445+0000] {process_utils.py:194} INFO - Downloading click-8.1.8-py3-none-any.whl (98 kB)
[2025-01-08T14:25:43.471+0000] {process_utils.py:194} INFO - Downloading duckdb-1.1.3-cp312-cp312-manylinux_2_17_x86_64.manylinux2014_x86_64.whl (20.2 MB)
[2025-01-08T14:25:49.523+0000] {process_utils.py:194} INFO -    ━━━━━━━━━━━━━━━━━━━━━━━━━━━━━━━━━━━━━━━━ 20.2/20.2 MB 3.3 MB/s eta 0:00:00
[2025-01-08T14:25:49.532+0000] {process_utils.py:194} INFO - Downloading duckdb_engine-0.13.6-py3-none-any.whl (48 kB)
[2025-01-08T14:25:49.556+0000] {process_utils.py:194} INFO - Downloading google_auth-2.37.0-py2.py3-none-any.whl (209 kB)
[2025-01-08T14:25:49.743+0000] {process_utils.py:194} INFO - Downloading google_cloud_bigquery-3.27.0-py2.py3-none-any.whl (240 kB)
[2025-01-08T14:25:49.840+0000] {process_utils.py:194} INFO - Downloading google_cloud_bigquery_storage-2.27.0-py2.py3-none-any.whl (240 kB)
[2025-01-08T14:25:49.910+0000] {process_utils.py:194} INFO - Downloading google_cloud_secret_manager-2.22.0-py2.py3-none-any.whl (208 kB)
[2025-01-08T14:25:49.952+0000] {process_utils.py:194} INFO - Downloading jsonschema-4.17.3-py3-none-any.whl (90 kB)
[2025-01-08T14:25:49.985+0000] {process_utils.py:194} INFO - Downloading orjson-3.10.13-cp312-cp312-manylinux_2_17_x86_64.manylinux2014_x86_64.whl (131 kB)
[2025-01-08T14:25:50.020+0000] {process_utils.py:194} INFO - Downloading overrides-7.7.0-py3-none-any.whl (17 kB)
[2025-01-08T14:25:50.039+0000] {process_utils.py:194} INFO - Downloading psycopg-3.2.3-py3-none-any.whl (197 kB)
[2025-01-08T14:25:50.080+0000] {process_utils.py:194} INFO - Downloading psycopg2_binary-2.9.10-cp312-cp312-manylinux_2_17_x86_64.manylinux2014_x86_64.whl (3.0 MB)
[2025-01-08T14:25:50.429+0000] {process_utils.py:194} INFO -    ━━━━━━━━━━━━━━━━━━━━━━━━━━━━━━━━━━━━━━━━ 3.0/3.0 MB 8.5 MB/s eta 0:00:00
[2025-01-08T14:25:50.441+0000] {process_utils.py:194} INFO - Downloading psycopg_binary-3.2.3-cp312-cp312-manylinux_2_17_x86_64.manylinux2014_x86_64.whl (4.2 MB)
[2025-01-08T14:25:51.173+0000] {process_utils.py:194} INFO -    ━━━━━━━━━━━━━━━━━━━━━━━━━━━━━━━━━━━━━━━━ 4.2/4.2 MB 5.9 MB/s eta 0:00:00
[2025-01-08T14:25:51.181+0000] {process_utils.py:194} INFO - Downloading pyarrow-17.0.0-cp312-cp312-manylinux_2_28_x86_64.whl (39.9 MB)
[2025-01-08T14:25:57.826+0000] {process_utils.py:194} INFO -    ━━━━━━━━━━━━━━━━━━━━━━━━━━━━━━━━━━━━━━━━ 39.9/39.9 MB 6.0 MB/s eta 0:00:00
[2025-01-08T14:25:57.832+0000] {process_utils.py:194} INFO - Downloading pydantic-2.10.4-py3-none-any.whl (431 kB)
[2025-01-08T14:25:57.898+0000] {process_utils.py:194} INFO - Downloading pydantic_core-2.27.2-cp312-cp312-manylinux_2_17_x86_64.manylinux2014_x86_64.whl (2.0 MB)
[2025-01-08T14:25:58.108+0000] {process_utils.py:194} INFO -    ━━━━━━━━━━━━━━━━━━━━━━━━━━━━━━━━━━━━━━━━ 2.0/2.0 MB 9.4 MB/s eta 0:00:00
[2025-01-08T14:25:58.118+0000] {process_utils.py:194} INFO - Downloading python_dateutil-2.9.0.post0-py2.py3-none-any.whl (229 kB)
[2025-01-08T14:25:58.160+0000] {process_utils.py:194} INFO - Downloading python_dotenv-1.0.1-py3-none-any.whl (19 kB)
[2025-01-08T14:25:58.181+0000] {process_utils.py:194} INFO - Downloading python_ulid-3.0.0-py3-none-any.whl (11 kB)
[2025-01-08T14:25:58.208+0000] {process_utils.py:194} INFO - Downloading pytzdata-2020.1-py2.py3-none-any.whl (489 kB)
[2025-01-08T14:25:58.272+0000] {process_utils.py:194} INFO - Downloading PyYAML-6.0.2-cp312-cp312-manylinux_2_17_x86_64.manylinux2014_x86_64.whl (767 kB)
[2025-01-08T14:25:58.359+0000] {process_utils.py:194} INFO -    ━━━━━━━━━━━━━━━━━━━━━━━━━━━━━━━━━━━━━━━━ 767.5/767.5 kB 8.3 MB/s eta 0:00:00
[2025-01-08T14:25:58.368+0000] {process_utils.py:194} INFO - Downloading requests-2.32.2-py3-none-any.whl (63 kB)
[2025-01-08T14:25:58.392+0000] {process_utils.py:194} INFO - Downloading rich-13.9.4-py3-none-any.whl (242 kB)
[2025-01-08T14:25:58.433+0000] {process_utils.py:194} INFO - Downloading snowflake_connector_python-3.12.4-cp312-cp312-manylinux_2_17_x86_64.manylinux2014_x86_64.whl (2.6 MB)
[2025-01-08T14:25:58.828+0000] {process_utils.py:194} INFO -    ━━━━━━━━━━━━━━━━━━━━━━━━━━━━━━━━━━━━━━━━ 2.6/2.6 MB 6.2 MB/s eta 0:00:00
[2025-01-08T14:25:58.837+0000] {process_utils.py:194} INFO - Downloading snowflake_sqlalchemy-1.7.2-py3-none-any.whl (69 kB)
[2025-01-08T14:25:58.869+0000] {process_utils.py:194} INFO - Downloading SQLAlchemy-2.0.35-cp312-cp312-manylinux_2_17_x86_64.manylinux2014_x86_64.whl (3.2 MB)
[2025-01-08T14:25:59.421+0000] {process_utils.py:194} INFO -    ━━━━━━━━━━━━━━━━━━━━━━━━━━━━━━━━━━━━━━━━ 3.2/3.2 MB 5.9 MB/s eta 0:00:00
[2025-01-08T14:25:59.437+0000] {process_utils.py:194} INFO - Downloading structlog-24.4.0-py3-none-any.whl (67 kB)
[2025-01-08T14:25:59.488+0000] {process_utils.py:194} INFO - Downloading typing_extensions-4.12.2-py3-none-any.whl (37 kB)
[2025-01-08T14:25:59.530+0000] {process_utils.py:194} INFO - Downloading uuid7-0.1.0-py2.py3-none-any.whl (7.5 kB)
[2025-01-08T14:25:59.553+0000] {process_utils.py:194} INFO - Downloading airbyte_protocol_models_dataclasses-0.14.1-py3-none-any.whl (6.9 kB)
[2025-01-08T14:25:59.572+0000] {process_utils.py:194} INFO - Downloading annotated_types-0.7.0-py3-none-any.whl (13 kB)
[2025-01-08T14:25:59.596+0000] {process_utils.py:194} INFO - Downloading asn1crypto-1.5.1-py2.py3-none-any.whl (105 kB)
[2025-01-08T14:25:59.652+0000] {process_utils.py:194} INFO - Downloading attrs-24.3.0-py3-none-any.whl (63 kB)
[2025-01-08T14:25:59.688+0000] {process_utils.py:194} INFO - Downloading cachetools-5.5.0-py3-none-any.whl (9.5 kB)
[2025-01-08T14:25:59.708+0000] {process_utils.py:194} INFO - Downloading certifi-2024.12.14-py3-none-any.whl (164 kB)
[2025-01-08T14:25:59.765+0000] {process_utils.py:194} INFO - Downloading cffi-1.17.1-cp312-cp312-manylinux_2_17_x86_64.manylinux2014_x86_64.whl (479 kB)
[2025-01-08T14:25:59.856+0000] {process_utils.py:194} INFO - Downloading charset_normalizer-3.4.1-cp312-cp312-manylinux_2_17_x86_64.manylinux2014_x86_64.whl (145 kB)
[2025-01-08T14:25:59.898+0000] {process_utils.py:194} INFO - Downloading cryptography-43.0.3-cp39-abi3-manylinux_2_28_x86_64.whl (4.0 MB)
[2025-01-08T14:26:00.392+0000] {process_utils.py:194} INFO -    ━━━━━━━━━━━━━━━━━━━━━━━━━━━━━━━━━━━━━━━━ 4.0/4.0 MB 8.1 MB/s eta 0:00:00
[2025-01-08T14:26:00.400+0000] {process_utils.py:194} INFO - Downloading dataclasses_json-0.6.7-py3-none-any.whl (28 kB)
[2025-01-08T14:26:00.423+0000] {process_utils.py:194} INFO - Downloading dpath-2.2.0-py3-none-any.whl (17 kB)
[2025-01-08T14:26:00.469+0000] {process_utils.py:194} INFO - Downloading dunamai-1.23.0-py3-none-any.whl (26 kB)
[2025-01-08T14:26:00.501+0000] {process_utils.py:194} INFO - Downloading filelock-3.16.1-py3-none-any.whl (16 kB)
[2025-01-08T14:26:00.521+0000] {process_utils.py:194} INFO - Downloading google_api_core-2.24.0-py3-none-any.whl (158 kB)
[2025-01-08T14:26:00.564+0000] {process_utils.py:194} INFO - Downloading google_cloud_core-2.4.1-py2.py3-none-any.whl (29 kB)
[2025-01-08T14:26:00.584+0000] {process_utils.py:194} INFO - Downloading google_resumable_media-2.7.2-py2.py3-none-any.whl (81 kB)
[2025-01-08T14:26:00.617+0000] {process_utils.py:194} INFO - Downloading greenlet-3.1.1-cp312-cp312-manylinux_2_24_x86_64.manylinux_2_28_x86_64.whl (613 kB)
[2025-01-08T14:26:00.714+0000] {process_utils.py:194} INFO -    ━━━━━━━━━━━━━━━━━━━━━━━━━━━━━━━━━━━━━━━━ 613.1/613.1 kB 5.5 MB/s eta 0:00:00
[2025-01-08T14:26:00.724+0000] {process_utils.py:194} INFO - Downloading grpc_google_iam_v1-0.14.0-py2.py3-none-any.whl (27 kB)
[2025-01-08T14:26:00.744+0000] {process_utils.py:194} INFO - Downloading idna-3.10-py3-none-any.whl (70 kB)
[2025-01-08T14:26:00.772+0000] {process_utils.py:194} INFO - Downloading isodate-0.6.1-py2.py3-none-any.whl (41 kB)
[2025-01-08T14:26:00.796+0000] {process_utils.py:194} INFO - Downloading jinja2-3.1.5-py3-none-any.whl (134 kB)
[2025-01-08T14:26:00.834+0000] {process_utils.py:194} INFO - Downloading jsonpath_python-1.0.6-py3-none-any.whl (7.6 kB)
[2025-01-08T14:26:00.862+0000] {process_utils.py:194} INFO - Downloading jsonref-0.2-py3-none-any.whl (9.3 kB)
[2025-01-08T14:26:00.883+0000] {process_utils.py:194} INFO - Downloading markdown_it_py-3.0.0-py3-none-any.whl (87 kB)
[2025-01-08T14:26:00.917+0000] {process_utils.py:194} INFO - Downloading marshmallow-3.24.1-py3-none-any.whl (49 kB)
[2025-01-08T14:26:00.940+0000] {process_utils.py:194} INFO - Downloading mypy_extensions-1.0.0-py3-none-any.whl (4.7 kB)
[2025-01-08T14:26:00.969+0000] {process_utils.py:194} INFO - Downloading numpy-1.26.4-cp312-cp312-manylinux_2_17_x86_64.manylinux2014_x86_64.whl (18.0 MB)
[2025-01-08T14:26:03.856+0000] {process_utils.py:194} INFO -    ━━━━━━━━━━━━━━━━━━━━━━━━━━━━━━━━━━━━━━━━ 18.0/18.0 MB 6.2 MB/s eta 0:00:00
[2025-01-08T14:26:03.866+0000] {process_utils.py:194} INFO - Downloading packaging-23.2-py3-none-any.whl (53 kB)
[2025-01-08T14:26:03.901+0000] {process_utils.py:194} INFO - Downloading platformdirs-4.3.6-py3-none-any.whl (18 kB)
[2025-01-08T14:26:03.920+0000] {process_utils.py:194} INFO - Downloading proto_plus-1.25.0-py3-none-any.whl (50 kB)
[2025-01-08T14:26:03.949+0000] {process_utils.py:194} INFO - Downloading protobuf-5.29.2-cp38-abi3-manylinux2014_x86_64.whl (319 kB)
[2025-01-08T14:26:04.009+0000] {process_utils.py:194} INFO - Downloading pyasn1_modules-0.4.1-py3-none-any.whl (181 kB)
[2025-01-08T14:26:04.052+0000] {process_utils.py:194} INFO - Downloading pygments-2.19.1-py3-none-any.whl (1.2 MB)
[2025-01-08T14:26:04.210+0000] {process_utils.py:194} INFO -    ━━━━━━━━━━━━━━━━━━━━━━━━━━━━━━━━━━━━━━━━ 1.2/1.2 MB 7.4 MB/s eta 0:00:00
[2025-01-08T14:26:04.217+0000] {process_utils.py:194} INFO - Downloading PyJWT-2.10.1-py3-none-any.whl (22 kB)
[2025-01-08T14:26:04.248+0000] {process_utils.py:194} INFO - Downloading pyOpenSSL-24.3.0-py3-none-any.whl (56 kB)
[2025-01-08T14:26:04.269+0000] {process_utils.py:194} INFO - Downloading pyrate_limiter-3.1.1-py3-none-any.whl (23 kB)
[2025-01-08T14:26:04.293+0000] {process_utils.py:194} INFO - Downloading pyrsistent-0.20.0-cp312-cp312-manylinux_2_17_x86_64.manylinux2014_x86_64.whl (122 kB)
[2025-01-08T14:26:04.326+0000] {process_utils.py:194} INFO - Downloading rapidfuzz-3.11.0-cp312-cp312-manylinux_2_17_x86_64.manylinux2014_x86_64.whl (3.1 MB)
[2025-01-08T14:26:04.711+0000] {process_utils.py:194} INFO -    ━━━━━━━━━━━━━━━━━━━━━━━━━━━━━━━━━━━━━━━━ 3.1/3.1 MB 8.0 MB/s eta 0:00:00
[2025-01-08T14:26:04.720+0000] {process_utils.py:194} INFO - Downloading rsa-4.9-py3-none-any.whl (34 kB)
[2025-01-08T14:26:04.745+0000] {process_utils.py:194} INFO - Downloading serpyco_rs-1.11.0-cp312-cp312-manylinux_2_17_x86_64.manylinux2014_x86_64.whl (451 kB)
[2025-01-08T14:26:04.853+0000] {process_utils.py:194} INFO - Downloading six-1.17.0-py2.py3-none-any.whl (11 kB)
[2025-01-08T14:26:04.881+0000] {process_utils.py:194} INFO - Downloading sortedcontainers-2.4.0-py2.py3-none-any.whl (29 kB)
[2025-01-08T14:26:04.906+0000] {process_utils.py:194} INFO - Downloading typing_inspect-0.9.0-py3-none-any.whl (8.8 kB)
[2025-01-08T14:26:04.929+0000] {process_utils.py:194} INFO - Downloading tzdata-2024.2-py2.py3-none-any.whl (346 kB)
[2025-01-08T14:26:05.013+0000] {process_utils.py:194} INFO - Downloading Unidecode-1.3.8-py3-none-any.whl (235 kB)
[2025-01-08T14:26:05.065+0000] {process_utils.py:194} INFO - Downloading urllib3-2.3.0-py3-none-any.whl (128 kB)
[2025-01-08T14:26:05.103+0000] {process_utils.py:194} INFO - Downloading xmltodict-0.13.0-py2.py3-none-any.whl (10.0 kB)
[2025-01-08T14:26:05.125+0000] {process_utils.py:194} INFO - Downloading backoff-2.2.1-py3-none-any.whl (15 kB)
[2025-01-08T14:26:05.145+0000] {process_utils.py:194} INFO - Downloading psycopg_pool-3.2.4-py3-none-any.whl (38 kB)
[2025-01-08T14:26:05.171+0000] {process_utils.py:194} INFO - Downloading requests_cache-1.2.1-py3-none-any.whl (61 kB)
[2025-01-08T14:26:05.199+0000] {process_utils.py:194} INFO - Downloading tomlkit-0.13.2-py3-none-any.whl (37 kB)
[2025-01-08T14:26:05.223+0000] {process_utils.py:194} INFO - Downloading bracex-2.5.post1-py3-none-any.whl (11 kB)
[2025-01-08T14:26:05.246+0000] {process_utils.py:194} INFO - Downloading cattrs-24.1.2-py3-none-any.whl (66 kB)
[2025-01-08T14:26:05.273+0000] {process_utils.py:194} INFO - Downloading google_crc32c-1.6.0-cp312-cp312-manylinux_2_17_x86_64.manylinux2014_x86_64.whl (32 kB)
[2025-01-08T14:26:05.299+0000] {process_utils.py:194} INFO - Downloading googleapis_common_protos-1.66.0-py2.py3-none-any.whl (221 kB)
[2025-01-08T14:26:05.406+0000] {process_utils.py:194} INFO - Downloading grpcio-1.69.0-cp312-cp312-manylinux_2_17_x86_64.manylinux2014_x86_64.whl (5.9 MB)
[2025-01-08T14:26:06.288+0000] {process_utils.py:194} INFO -    ━━━━━━━━━━━━━━━━━━━━━━━━━━━━━━━━━━━━━━━━ 5.9/5.9 MB 7.0 MB/s eta 0:00:00
[2025-01-08T14:26:06.297+0000] {process_utils.py:194} INFO - Downloading grpcio_status-1.69.0-py3-none-any.whl (14 kB)
[2025-01-08T14:26:06.316+0000] {process_utils.py:194} INFO - Downloading jsonpatch-1.33-py2.py3-none-any.whl (12 kB)
[2025-01-08T14:26:06.337+0000] {process_utils.py:194} INFO - Downloading langsmith-0.1.147-py3-none-any.whl (311 kB)
[2025-01-08T14:26:06.472+0000] {process_utils.py:194} INFO - Downloading MarkupSafe-3.0.2-cp312-cp312-manylinux_2_17_x86_64.manylinux2014_x86_64.whl (23 kB)
[2025-01-08T14:26:06.493+0000] {process_utils.py:194} INFO - Downloading mdurl-0.1.2-py3-none-any.whl (10.0 kB)
[2025-01-08T14:26:06.514+0000] {process_utils.py:194} INFO - Downloading pyasn1-0.6.1-py3-none-any.whl (83 kB)
[2025-01-08T14:26:06.545+0000] {process_utils.py:194} INFO - Downloading regex-2024.11.6-cp312-cp312-manylinux_2_17_x86_64.manylinux2014_x86_64.whl (796 kB)
[2025-01-08T14:26:06.662+0000] {process_utils.py:194} INFO -    ━━━━━━━━━━━━━━━━━━━━━━━━━━━━━━━━━━━━━━━━ 796.9/796.9 kB 6.4 MB/s eta 0:00:00
[2025-01-08T14:26:06.668+0000] {process_utils.py:194} INFO - Downloading tenacity-8.5.0-py3-none-any.whl (28 kB)
[2025-01-08T14:26:06.709+0000] {process_utils.py:194} INFO - Downloading url_normalize-1.4.3-py2.py3-none-any.whl (6.8 kB)
[2025-01-08T14:26:06.734+0000] {process_utils.py:194} INFO - Downloading attributes_doc-0.4.0-py2.py3-none-any.whl (4.6 kB)
[2025-01-08T14:26:06.757+0000] {process_utils.py:194} INFO - Downloading joblib-1.4.2-py3-none-any.whl (301 kB)
[2025-01-08T14:26:06.808+0000] {process_utils.py:194} INFO - Downloading pycparser-2.22-py3-none-any.whl (117 kB)
[2025-01-08T14:26:06.841+0000] {process_utils.py:194} INFO - Downloading tqdm-4.67.1-py3-none-any.whl (78 kB)
[2025-01-08T14:26:06.868+0000] {process_utils.py:194} INFO - Downloading httpx-0.28.1-py3-none-any.whl (73 kB)
[2025-01-08T14:26:06.916+0000] {process_utils.py:194} INFO - Downloading httpcore-1.0.7-py3-none-any.whl (78 kB)
[2025-01-08T14:26:07.018+0000] {process_utils.py:194} INFO - Downloading jsonpointer-3.0.0-py2.py3-none-any.whl (7.6 kB)
[2025-01-08T14:26:07.054+0000] {process_utils.py:194} INFO - Downloading requests_toolbelt-1.0.0-py2.py3-none-any.whl (54 kB)
[2025-01-08T14:26:07.077+0000] {process_utils.py:194} INFO - Downloading anyio-4.8.0-py3-none-any.whl (96 kB)
[2025-01-08T14:26:07.105+0000] {process_utils.py:194} INFO - Downloading h11-0.14.0-py3-none-any.whl (58 kB)
[2025-01-08T14:26:07.133+0000] {process_utils.py:194} INFO - Downloading sniffio-1.3.1-py3-none-any.whl (10 kB)
[2025-01-08T14:26:07.673+0000] {process_utils.py:194} INFO - Building wheels for collected packages: pendulum
[2025-01-08T14:26:07.675+0000] {process_utils.py:194} INFO -   Building wheel for pendulum (pyproject.toml): started
[2025-01-08T14:26:08.370+0000] {process_utils.py:194} INFO -   Building wheel for pendulum (pyproject.toml): finished with status 'error'
[2025-01-08T14:26:08.375+0000] {process_utils.py:194} INFO -   error: subprocess-exited-with-error
[2025-01-08T14:26:08.376+0000] {process_utils.py:194} INFO - 
[2025-01-08T14:26:08.376+0000] {process_utils.py:194} INFO -   × Building wheel for pendulum (pyproject.toml) did not run successfully.
[2025-01-08T14:26:08.376+0000] {process_utils.py:194} INFO -   │ exit code: 1
[2025-01-08T14:26:08.376+0000] {process_utils.py:194} INFO -   ╰─> [28 lines of output]
[2025-01-08T14:26:08.376+0000] {process_utils.py:194} INFO -       The "poetry.dev-dependencies" section is deprecated and will be removed in a future version. Use "poetry.group.dev.dependencies" instead.
[2025-01-08T14:26:08.376+0000] {process_utils.py:194} INFO -       Traceback (most recent call last):
[2025-01-08T14:26:08.377+0000] {process_utils.py:194} INFO -         File "/tmp/pip-install-rsomy3ur/pendulum_0f30712e4f664cc8a4101b725f4b32ee/build.py", line 5, in <module>
[2025-01-08T14:26:08.377+0000] {process_utils.py:194} INFO -           from distutils.command.build_ext import build_ext
[2025-01-08T14:26:08.377+0000] {process_utils.py:194} INFO -       ModuleNotFoundError: No module named 'distutils'
[2025-01-08T14:26:08.377+0000] {process_utils.py:194} INFO -       Traceback (most recent call last):
[2025-01-08T14:26:08.377+0000] {process_utils.py:194} INFO -         File "/tmp/venvgslvacnr/lib/python3.12/site-packages/pip/_vendor/pyproject_hooks/_in_process/_in_process.py", line 353, in <module>
[2025-01-08T14:26:08.378+0000] {process_utils.py:194} INFO -           main()
[2025-01-08T14:26:08.378+0000] {process_utils.py:194} INFO -         File "/tmp/venvgslvacnr/lib/python3.12/site-packages/pip/_vendor/pyproject_hooks/_in_process/_in_process.py", line 335, in main
[2025-01-08T14:26:08.378+0000] {process_utils.py:194} INFO -           json_out['return_val'] = hook(**hook_input['kwargs'])
[2025-01-08T14:26:08.378+0000] {process_utils.py:194} INFO -                                    ^^^^^^^^^^^^^^^^^^^^^^^^^^^^
[2025-01-08T14:26:08.378+0000] {process_utils.py:194} INFO -         File "/tmp/venvgslvacnr/lib/python3.12/site-packages/pip/_vendor/pyproject_hooks/_in_process/_in_process.py", line 251, in build_wheel
[2025-01-08T14:26:08.379+0000] {process_utils.py:194} INFO -           return _build_backend().build_wheel(wheel_directory, config_settings,
[2025-01-08T14:26:08.379+0000] {process_utils.py:194} INFO -                  ^^^^^^^^^^^^^^^^^^^^^^^^^^^^^^^^^^^^^^^^^^^^^^^^^^^^^^^^^^^^^^
[2025-01-08T14:26:08.379+0000] {process_utils.py:194} INFO -         File "/tmp/pip-build-env-5t_l8r34/overlay/lib/python3.12/site-packages/poetry/core/masonry/api.py", line 58, in build_wheel
[2025-01-08T14:26:08.379+0000] {process_utils.py:194} INFO -           return WheelBuilder.make_in(
[2025-01-08T14:26:08.379+0000] {process_utils.py:194} INFO -                  ^^^^^^^^^^^^^^^^^^^^^
[2025-01-08T14:26:08.380+0000] {process_utils.py:194} INFO -         File "/tmp/pip-build-env-5t_l8r34/overlay/lib/python3.12/site-packages/poetry/core/masonry/builders/wheel.py", line 91, in make_in
[2025-01-08T14:26:08.380+0000] {process_utils.py:194} INFO -           wb.build(target_dir=directory)
[2025-01-08T14:26:08.380+0000] {process_utils.py:194} INFO -         File "/tmp/pip-build-env-5t_l8r34/overlay/lib/python3.12/site-packages/poetry/core/masonry/builders/wheel.py", line 130, in build
[2025-01-08T14:26:08.380+0000] {process_utils.py:194} INFO -           self._build(zip_file)
[2025-01-08T14:26:08.380+0000] {process_utils.py:194} INFO -         File "/tmp/pip-build-env-5t_l8r34/overlay/lib/python3.12/site-packages/poetry/core/masonry/builders/wheel.py", line 179, in _build
[2025-01-08T14:26:08.380+0000] {process_utils.py:194} INFO -           self._run_build_script(self._package.build_script)
[2025-01-08T14:26:08.381+0000] {process_utils.py:194} INFO -         File "/tmp/pip-build-env-5t_l8r34/overlay/lib/python3.12/site-packages/poetry/core/masonry/builders/wheel.py", line 300, in _run_build_script
[2025-01-08T14:26:08.381+0000] {process_utils.py:194} INFO -           subprocess.check_call([self.executable.as_posix(), build_script])
[2025-01-08T14:26:08.381+0000] {process_utils.py:194} INFO -         File "/usr/local/lib/python3.12/subprocess.py", line 413, in check_call
[2025-01-08T14:26:08.381+0000] {process_utils.py:194} INFO -           raise CalledProcessError(retcode, cmd)
[2025-01-08T14:26:08.381+0000] {process_utils.py:194} INFO -       subprocess.CalledProcessError: Command '['/tmp/venvgslvacnr/bin/python', 'build.py']' returned non-zero exit status 1.
[2025-01-08T14:26:08.382+0000] {process_utils.py:194} INFO -       [end of output]
[2025-01-08T14:26:08.382+0000] {process_utils.py:194} INFO - 
[2025-01-08T14:26:08.382+0000] {process_utils.py:194} INFO -   note: This error originates from a subprocess, and is likely not a problem with pip.
[2025-01-08T14:26:08.382+0000] {process_utils.py:194} INFO -   ERROR: Failed building wheel for pendulum
[2025-01-08T14:26:08.382+0000] {process_utils.py:194} INFO - Failed to build pendulum
[2025-01-08T14:26:08.551+0000] {process_utils.py:194} INFO - ERROR: ERROR: Failed to build installable wheels for some pyproject.toml based projects (pendulum)
[2025-01-08T14:26:09.903+0000] {taskinstance.py:3311} ERROR - Task failed with exception
Traceback (most recent call last):
  File "/home/airflow/.local/lib/python3.12/site-packages/airflow/models/taskinstance.py", line 767, in _execute_task
    result = _execute_callable(context=context, **execute_callable_kwargs)
             ^^^^^^^^^^^^^^^^^^^^^^^^^^^^^^^^^^^^^^^^^^^^^^^^^^^^^^^^^^^^^
  File "/home/airflow/.local/lib/python3.12/site-packages/airflow/models/taskinstance.py", line 733, in _execute_callable
    return ExecutionCallableRunner(
           ^^^^^^^^^^^^^^^^^^^^^^^^
  File "/home/airflow/.local/lib/python3.12/site-packages/airflow/utils/operator_helpers.py", line 252, in run
    return self.func(*args, **kwargs)
           ^^^^^^^^^^^^^^^^^^^^^^^^^^
  File "/home/airflow/.local/lib/python3.12/site-packages/airflow/models/baseoperator.py", line 422, in wrapper
    return func(self, *args, **kwargs)
           ^^^^^^^^^^^^^^^^^^^^^^^^^^^
  File "/home/airflow/.local/lib/python3.12/site-packages/airflow/operators/python.py", line 505, in execute
    return super().execute(context=serializable_context)
           ^^^^^^^^^^^^^^^^^^^^^^^^^^^^^^^^^^^^^^^^^^^^^
  File "/home/airflow/.local/lib/python3.12/site-packages/airflow/models/baseoperator.py", line 422, in wrapper
    return func(self, *args, **kwargs)
           ^^^^^^^^^^^^^^^^^^^^^^^^^^^
  File "/home/airflow/.local/lib/python3.12/site-packages/airflow/operators/python.py", line 238, in execute
    return_value = self.execute_callable()
                   ^^^^^^^^^^^^^^^^^^^^^^^
  File "/home/airflow/.local/lib/python3.12/site-packages/airflow/operators/python.py", line 868, in execute_callable
    self._prepare_venv(tmp_path)
  File "/home/airflow/.local/lib/python3.12/site-packages/airflow/operators/python.py", line 769, in _prepare_venv
    prepare_virtualenv(
  File "/home/airflow/.local/lib/python3.12/site-packages/airflow/utils/python_virtualenv.py", line 119, in prepare_virtualenv
    execute_in_subprocess(pip_cmd)
  File "/home/airflow/.local/lib/python3.12/site-packages/airflow/utils/process_utils.py", line 175, in execute_in_subprocess
    execute_in_subprocess_with_kwargs(cmd, cwd=cwd, env=env)
  File "/home/airflow/.local/lib/python3.12/site-packages/airflow/utils/process_utils.py", line 198, in execute_in_subprocess_with_kwargs
    raise subprocess.CalledProcessError(exit_code, cmd)
subprocess.CalledProcessError: Command '['/tmp/venvgslvacnr/bin/pip', 'install', '-r', '/tmp/venvgslvacnr/requirements.txt']' returned non-zero exit status 1.
[2025-01-08T14:26:09.911+0000] {taskinstance.py:1225} INFO - Marking task as FAILED. dag_id=task_dependency_airbyte_dag, task_id=test_sources_caches, run_id=manual__2025-01-08T14:25:12.336105+00:00, execution_date=20250108T142512, start_date=20250108T142514, end_date=20250108T142609
[2025-01-08T14:26:09.927+0000] {taskinstance.py:340} INFO - ::group::Post task execution logs
[2025-01-08T14:26:09.927+0000] {standard_task_runner.py:124} ERROR - Failed to execute job 560 for task test_sources_caches (Command '['/tmp/venvgslvacnr/bin/pip', 'install', '-r', '/tmp/venvgslvacnr/requirements.txt']' returned non-zero exit status 1.; 2096)
Traceback (most recent call last):
  File "/home/airflow/.local/lib/python3.12/site-packages/airflow/task/task_runner/standard_task_runner.py", line 117, in _start_by_fork
    ret = args.func(args, dag=self.dag)
          ^^^^^^^^^^^^^^^^^^^^^^^^^^^^^
  File "/home/airflow/.local/lib/python3.12/site-packages/airflow/cli/cli_config.py", line 49, in command
    return func(*args, **kwargs)
           ^^^^^^^^^^^^^^^^^^^^^
  File "/home/airflow/.local/lib/python3.12/site-packages/airflow/utils/cli.py", line 116, in wrapper
    return f(*args, **kwargs)
           ^^^^^^^^^^^^^^^^^^
  File "/home/airflow/.local/lib/python3.12/site-packages/airflow/cli/commands/task_command.py", line 483, in task_run
    task_return_code = _run_task_by_selected_method(args, _dag, ti)
                       ^^^^^^^^^^^^^^^^^^^^^^^^^^^^^^^^^^^^^^^^^^^^
  File "/home/airflow/.local/lib/python3.12/site-packages/airflow/cli/commands/task_command.py", line 256, in _run_task_by_selected_method
    return _run_raw_task(args, ti)
           ^^^^^^^^^^^^^^^^^^^^^^^
  File "/home/airflow/.local/lib/python3.12/site-packages/airflow/cli/commands/task_command.py", line 341, in _run_raw_task
    return ti._run_raw_task(
           ^^^^^^^^^^^^^^^^^
  File "/home/airflow/.local/lib/python3.12/site-packages/airflow/utils/session.py", line 97, in wrapper
    return func(*args, session=session, **kwargs)
           ^^^^^^^^^^^^^^^^^^^^^^^^^^^^^^^^^^^^^^
  File "/home/airflow/.local/lib/python3.12/site-packages/airflow/models/taskinstance.py", line 3005, in _run_raw_task
    return _run_raw_task(
           ^^^^^^^^^^^^^^
  File "/home/airflow/.local/lib/python3.12/site-packages/airflow/models/taskinstance.py", line 273, in _run_raw_task
    TaskInstance._execute_task_with_callbacks(
  File "/home/airflow/.local/lib/python3.12/site-packages/airflow/models/taskinstance.py", line 3159, in _execute_task_with_callbacks
    result = self._execute_task(context, task_orig)
             ^^^^^^^^^^^^^^^^^^^^^^^^^^^^^^^^^^^^^^
  File "/home/airflow/.local/lib/python3.12/site-packages/airflow/models/taskinstance.py", line 3183, in _execute_task
    return _execute_task(self, context, task_orig)
           ^^^^^^^^^^^^^^^^^^^^^^^^^^^^^^^^^^^^^^^
  File "/home/airflow/.local/lib/python3.12/site-packages/airflow/models/taskinstance.py", line 767, in _execute_task
    result = _execute_callable(context=context, **execute_callable_kwargs)
             ^^^^^^^^^^^^^^^^^^^^^^^^^^^^^^^^^^^^^^^^^^^^^^^^^^^^^^^^^^^^^
  File "/home/airflow/.local/lib/python3.12/site-packages/airflow/models/taskinstance.py", line 733, in _execute_callable
    return ExecutionCallableRunner(
           ^^^^^^^^^^^^^^^^^^^^^^^^
  File "/home/airflow/.local/lib/python3.12/site-packages/airflow/utils/operator_helpers.py", line 252, in run
    return self.func(*args, **kwargs)
           ^^^^^^^^^^^^^^^^^^^^^^^^^^
  File "/home/airflow/.local/lib/python3.12/site-packages/airflow/models/baseoperator.py", line 422, in wrapper
    return func(self, *args, **kwargs)
           ^^^^^^^^^^^^^^^^^^^^^^^^^^^
  File "/home/airflow/.local/lib/python3.12/site-packages/airflow/operators/python.py", line 505, in execute
    return super().execute(context=serializable_context)
           ^^^^^^^^^^^^^^^^^^^^^^^^^^^^^^^^^^^^^^^^^^^^^
  File "/home/airflow/.local/lib/python3.12/site-packages/airflow/models/baseoperator.py", line 422, in wrapper
    return func(self, *args, **kwargs)
           ^^^^^^^^^^^^^^^^^^^^^^^^^^^
  File "/home/airflow/.local/lib/python3.12/site-packages/airflow/operators/python.py", line 238, in execute
    return_value = self.execute_callable()
                   ^^^^^^^^^^^^^^^^^^^^^^^
  File "/home/airflow/.local/lib/python3.12/site-packages/airflow/operators/python.py", line 868, in execute_callable
    self._prepare_venv(tmp_path)
  File "/home/airflow/.local/lib/python3.12/site-packages/airflow/operators/python.py", line 769, in _prepare_venv
    prepare_virtualenv(
  File "/home/airflow/.local/lib/python3.12/site-packages/airflow/utils/python_virtualenv.py", line 119, in prepare_virtualenv
    execute_in_subprocess(pip_cmd)
  File "/home/airflow/.local/lib/python3.12/site-packages/airflow/utils/process_utils.py", line 175, in execute_in_subprocess
    execute_in_subprocess_with_kwargs(cmd, cwd=cwd, env=env)
  File "/home/airflow/.local/lib/python3.12/site-packages/airflow/utils/process_utils.py", line 198, in execute_in_subprocess_with_kwargs
    raise subprocess.CalledProcessError(exit_code, cmd)
subprocess.CalledProcessError: Command '['/tmp/venvgslvacnr/bin/pip', 'install', '-r', '/tmp/venvgslvacnr/requirements.txt']' returned non-zero exit status 1.
[2025-01-08T14:26:09.968+0000] {local_task_job_runner.py:266} INFO - Task exited with return code 1
[2025-01-08T14:26:09.982+0000] {taskinstance.py:3895} INFO - 0 downstream tasks scheduled from follow-on schedule check
[2025-01-08T14:26:09.990+0000] {local_task_job_runner.py:245} INFO - ::endgroup::
